[2023-01-02T12:22:26.867+0000][0.004s] Heap region size: 1M
[2023-01-02T12:22:27.009+0000][0.146s] Using G1
[2023-01-02T12:22:27.009+0000][0.146s] Heap address: 0x00000000e0000000, size: 512 MB, Compressed Oops mode: 32-bit
[2023-01-02T12:22:27.009+0000][0.146s] Mark closed archive regions in map: [0x00000000ffe00000, 0x00000000ffe65ff8]
[2023-01-02T12:22:27.009+0000][0.146s] Mark open archive regions in map: [0x00000000ffc00000, 0x00000000ffc41ff8]
[2023-01-02T12:22:27.559+0000][0.696s] GC(0) Pause Young (Normal) (G1 Evacuation Pause)
[2023-01-02T12:22:27.560+0000][0.697s] GC(0) Using 10 workers of 10 for evacuation
[2023-01-02T12:22:27.567+0000][0.704s] GC(0)   Pre Evacuate Collection Set: 0.0ms
[2023-01-02T12:22:27.567+0000][0.704s] GC(0)   Evacuate Collection Set: 5.5ms
[2023-01-02T12:22:27.567+0000][0.704s] GC(0)   Post Evacuate Collection Set: 0.9ms
[2023-01-02T12:22:27.567+0000][0.704s] GC(0)   Other: 1.3ms
[2023-01-02T12:22:27.567+0000][0.704s] GC(0) Eden regions: 30->0(303)
[2023-01-02T12:22:27.567+0000][0.704s] GC(0) Survivor regions: 0->4(4)
[2023-01-02T12:22:27.567+0000][0.704s] GC(0) Old regions: 2->2
[2023-01-02T12:22:27.567+0000][0.704s] GC(0) Humongous regions: 0->0
[2023-01-02T12:22:27.567+0000][0.704s] GC(0) Metaspace: 9162K(9856K)->9162K(9856K) NonClass: 8027K(8448K)->8027K(8448K) Class: 1134K(1408K)->1134K(1408K)
[2023-01-02T12:22:27.567+0000][0.704s] GC(0) Pause Young (Normal) (G1 Evacuation Pause) 30M->4M(512M) 7.901ms
[2023-01-02T12:22:27.567+0000][0.704s] GC(0) User=0.06s Sys=0.01s Real=0.00s
[2023-01-02T12:22:28.369+0000][1.506s] GC(1) Pause Young (Concurrent Start) (Metadata GC Threshold)
[2023-01-02T12:22:28.369+0000][1.506s] GC(1) Using 10 workers of 10 for evacuation
[2023-01-02T12:22:28.380+0000][1.517s] GC(1)   Pre Evacuate Collection Set: 0.1ms
[2023-01-02T12:22:28.380+0000][1.517s] GC(1)   Evacuate Collection Set: 9.6ms
[2023-01-02T12:22:28.380+0000][1.517s] GC(1)   Post Evacuate Collection Set: 1.1ms
[2023-01-02T12:22:28.380+0000][1.517s] GC(1)   Other: 0.3ms
[2023-01-02T12:22:28.380+0000][1.517s] GC(1) Eden regions: 85->0(81)
[2023-01-02T12:22:28.380+0000][1.517s] GC(1) Survivor regions: 4->19(39)
[2023-01-02T12:22:28.380+0000][1.517s] GC(1) Old regions: 2->2
[2023-01-02T12:22:28.380+0000][1.517s] GC(1) Humongous regions: 4->4
[2023-01-02T12:22:28.380+0000][1.517s] GC(1) Metaspace: 20307K(21248K)->20307K(21248K) NonClass: 17897K(18432K)->17897K(18432K) Class: 2410K(2816K)->2410K(2816K)
[2023-01-02T12:22:28.380+0000][1.517s] GC(1) Pause Young (Concurrent Start) (Metadata GC Threshold) 92M->23M(512M) 11.181ms
[2023-01-02T12:22:28.380+0000][1.517s] GC(1) User=0.07s Sys=0.00s Real=0.01s
[2023-01-02T12:22:28.380+0000][1.517s] GC(2) Concurrent Cycle
[2023-01-02T12:22:28.380+0000][1.517s] GC(2) Concurrent Clear Claimed Marks
[2023-01-02T12:22:28.380+0000][1.517s] GC(2) Concurrent Clear Claimed Marks 0.075ms
[2023-01-02T12:22:28.380+0000][1.517s] GC(2) Concurrent Scan Root Regions
[2023-01-02T12:22:28.383+0000][1.520s] GC(2) Concurrent Scan Root Regions 2.529ms
[2023-01-02T12:22:28.383+0000][1.520s] GC(2) Concurrent Mark (1.520s)
[2023-01-02T12:22:28.383+0000][1.520s] GC(2) Concurrent Mark From Roots
[2023-01-02T12:22:28.383+0000][1.520s] GC(2) Using 3 workers of 3 for marking
[2023-01-02T12:22:28.393+0000][1.530s] GC(2) Concurrent Mark From Roots 10.312ms
[2023-01-02T12:22:28.393+0000][1.530s] GC(2) Concurrent Preclean
[2023-01-02T12:22:28.393+0000][1.530s] GC(2) Concurrent Preclean 0.054ms
[2023-01-02T12:22:28.393+0000][1.530s] GC(2) Concurrent Mark (1.520s, 1.530s) 10.452ms
[2023-01-02T12:22:28.394+0000][1.531s] GC(2) Pause Remark
[2023-01-02T12:22:28.395+0000][1.532s] GC(2) Cleaned string and symbol table, strings: 8845 processed, 0 removed, symbols: 60075 processed, 40 removed
[2023-01-02T12:22:28.396+0000][1.533s] GC(2) Pause Remark 24M->24M(512M) 2.203ms
[2023-01-02T12:22:28.396+0000][1.533s] GC(2) User=0.01s Sys=0.00s Real=0.00s
[2023-01-02T12:22:28.396+0000][1.533s] GC(2) Concurrent Rebuild Remembered Sets
[2023-01-02T12:22:28.397+0000][1.534s] GC(2) Concurrent Rebuild Remembered Sets 1.122ms
[2023-01-02T12:22:28.397+0000][1.534s] GC(2) Pause Cleanup
[2023-01-02T12:22:28.398+0000][1.535s] GC(2) Pause Cleanup 24M->24M(512M) 0.274ms
[2023-01-02T12:22:28.398+0000][1.535s] GC(2) User=0.00s Sys=0.00s Real=0.00s
[2023-01-02T12:22:28.398+0000][1.535s] GC(2) Concurrent Cleanup for Next Mark
[2023-01-02T12:22:28.399+0000][1.536s] GC(2) Concurrent Cleanup for Next Mark 0.779ms
[2023-01-02T12:22:28.399+0000][1.536s] GC(2) Concurrent Cycle 18.604ms
[2023-01-02T12:22:29.175+0000][2.312s] GC(3) Pause Young (Normal) (G1 Evacuation Pause)
[2023-01-02T12:22:29.175+0000][2.312s] GC(3) Using 10 workers of 10 for evacuation
[2023-01-02T12:22:29.184+0000][2.321s] GC(3)   Pre Evacuate Collection Set: 0.0ms
[2023-01-02T12:22:29.184+0000][2.321s] GC(3)   Evacuate Collection Set: 7.9ms
[2023-01-02T12:22:29.184+0000][2.321s] GC(3)   Post Evacuate Collection Set: 0.9ms
[2023-01-02T12:22:29.184+0000][2.321s] GC(3)   Other: 0.1ms
[2023-01-02T12:22:29.184+0000][2.321s] GC(3) Eden regions: 74->0(105)
[2023-01-02T12:22:29.184+0000][2.321s] GC(3) Survivor regions: 19->5(12)
[2023-01-02T12:22:29.184+0000][2.321s] GC(3) Old regions: 2->22
[2023-01-02T12:22:29.184+0000][2.321s] GC(3) Humongous regions: 4->4
[2023-01-02T12:22:29.184+0000][2.321s] GC(3) Metaspace: 29068K(30208K)->29068K(30208K) NonClass: 25589K(26368K)->25589K(26368K) Class: 3478K(3840K)->3478K(3840K)
[2023-01-02T12:22:29.184+0000][2.321s] GC(3) Pause Young (Normal) (G1 Evacuation Pause) 97M->28M(512M) 9.101ms
[2023-01-02T12:22:29.184+0000][2.321s] GC(3) User=0.07s Sys=0.02s Real=0.01s
[2023-01-02T12:22:29.588+0000][2.725s] GC(4) Pause Young (Concurrent Start) (Metadata GC Threshold)
[2023-01-02T12:22:29.588+0000][2.725s] GC(4) Using 10 workers of 10 for evacuation
[2023-01-02T12:22:29.594+0000][2.731s] GC(4)   Pre Evacuate Collection Set: 0.1ms
[2023-01-02T12:22:29.594+0000][2.731s] GC(4)   Evacuate Collection Set: 3.8ms
[2023-01-02T12:22:29.594+0000][2.731s] GC(4)   Post Evacuate Collection Set: 1.0ms
[2023-01-02T12:22:29.594+0000][2.731s] GC(4)   Other: 0.6ms
[2023-01-02T12:22:29.594+0000][2.731s] GC(4) Eden regions: 63->0(123)
[2023-01-02T12:22:29.594+0000][2.731s] GC(4) Survivor regions: 5->7(14)
[2023-01-02T12:22:29.594+0000][2.731s] GC(4) Old regions: 22->22
[2023-01-02T12:22:29.594+0000][2.731s] GC(4) Humongous regions: 5->4
[2023-01-02T12:22:29.594+0000][2.731s] GC(4) Metaspace: 34639K(35840K)->34639K(35840K) NonClass: 30436K(31232K)->30436K(31232K) Class: 4202K(4608K)->4202K(4608K)
[2023-01-02T12:22:29.594+0000][2.731s] GC(4) Pause Young (Concurrent Start) (Metadata GC Threshold) 91M->30M(512M) 5.515ms
[2023-01-02T12:22:29.594+0000][2.731s] GC(4) User=0.04s Sys=0.00s Real=0.01s
[2023-01-02T12:22:29.594+0000][2.731s] GC(5) Concurrent Cycle
[2023-01-02T12:22:29.594+0000][2.731s] GC(5) Concurrent Clear Claimed Marks
[2023-01-02T12:22:29.594+0000][2.731s] GC(5) Concurrent Clear Claimed Marks 0.098ms
[2023-01-02T12:22:29.594+0000][2.731s] GC(5) Concurrent Scan Root Regions
[2023-01-02T12:22:29.596+0000][2.733s] GC(5) Concurrent Scan Root Regions 1.563ms
[2023-01-02T12:22:29.596+0000][2.733s] GC(5) Concurrent Mark (2.733s)
[2023-01-02T12:22:29.596+0000][2.733s] GC(5) Concurrent Mark From Roots
[2023-01-02T12:22:29.596+0000][2.733s] GC(5) Using 3 workers of 3 for marking
[2023-01-02T12:22:29.606+0000][2.743s] GC(5) Concurrent Mark From Roots 10.228ms
[2023-01-02T12:22:29.606+0000][2.743s] GC(5) Concurrent Preclean
[2023-01-02T12:22:29.606+0000][2.743s] GC(5) Concurrent Preclean 0.141ms
[2023-01-02T12:22:29.606+0000][2.743s] GC(5) Concurrent Mark (2.733s, 2.743s) 10.546ms
[2023-01-02T12:22:29.607+0000][2.744s] GC(5) Pause Remark
[2023-01-02T12:22:29.609+0000][2.746s] GC(5) Cleaned string and symbol table, strings: 15261 processed, 27 removed, symbols: 102960 processed, 72 removed
[2023-01-02T12:22:29.610+0000][2.747s] GC(5) Pause Remark 32M->32M(512M) 3.314ms
[2023-01-02T12:22:29.610+0000][2.747s] GC(5) User=0.04s Sys=0.00s Real=0.01s
[2023-01-02T12:22:29.610+0000][2.747s] GC(5) Concurrent Rebuild Remembered Sets
[2023-01-02T12:22:29.616+0000][2.753s] GC(5) Concurrent Rebuild Remembered Sets 5.627ms
[2023-01-02T12:22:29.616+0000][2.753s] GC(5) Pause Cleanup
[2023-01-02T12:22:29.616+0000][2.753s] GC(5) Pause Cleanup 32M->32M(512M) 0.360ms
[2023-01-02T12:22:29.617+0000][2.753s] GC(5) User=0.01s Sys=0.00s Real=0.00s
[2023-01-02T12:22:29.617+0000][2.754s] GC(5) Concurrent Cleanup for Next Mark
[2023-01-02T12:22:29.618+0000][2.755s] GC(5) Concurrent Cleanup for Next Mark 1.148ms
[2023-01-02T12:22:29.618+0000][2.755s] GC(5) Concurrent Cycle 24.039ms
[2023-01-02T12:22:30.330+0000][3.467s] GC(6) Pause Young (Normal) (G1 Evacuation Pause)
[2023-01-02T12:22:30.330+0000][3.467s] GC(6) Using 10 workers of 10 for evacuation
[2023-01-02T12:22:30.335+0000][3.472s] GC(6)   Pre Evacuate Collection Set: 0.0ms
[2023-01-02T12:22:30.335+0000][3.472s] GC(6)   Evacuate Collection Set: 4.0ms
[2023-01-02T12:22:30.335+0000][3.472s] GC(6)   Post Evacuate Collection Set: 1.1ms
[2023-01-02T12:22:30.336+0000][3.472s] GC(6)   Other: 0.2ms
[2023-01-02T12:22:30.336+0000][3.473s] GC(6) Eden regions: 123->0(168)
[2023-01-02T12:22:30.336+0000][3.473s] GC(6) Survivor regions: 7->12(17)
[2023-01-02T12:22:30.336+0000][3.473s] GC(6) Old regions: 22->22
[2023-01-02T12:22:30.336+0000][3.473s] GC(6) Humongous regions: 4->4
[2023-01-02T12:22:30.336+0000][3.473s] GC(6) Metaspace: 41222K(42624K)->41222K(42624K) NonClass: 36245K(37120K)->36245K(37120K) Class: 4977K(5504K)->4977K(5504K)
[2023-01-02T12:22:30.336+0000][3.473s] GC(6) Pause Young (Normal) (G1 Evacuation Pause) 153M->35M(512M) 5.457ms
[2023-01-02T12:22:30.336+0000][3.473s] GC(6) User=0.05s Sys=0.01s Real=0.00s
