2023-01-02 14:53:32.123 INFO  (main) [   ] o.e.j.u.log Logging initialized @1049ms to org.eclipse.jetty.util.log.Slf4jLog
2023-01-02 14:53:32.365 INFO  (main) [   ] o.e.j.s.Server jetty-9.4.44.v20210927; built: 2021-09-27T23:02:44.612Z; git: 8da83308eeca865e495e53ef315a249d63ba9332; jvm 11.0.17+8
2023-01-02 14:53:32.382 INFO  (main) [   ] o.e.j.d.p.ScanningAppProvider Deployment monitor [file:///opt/solr-8.11.2/server/contexts/] at interval 0
2023-01-02 14:53:32.622 INFO  (main) [   ] o.e.j.w.StandardDescriptorProcessor NO JSP Support for /solr, did not find org.apache.jasper.servlet.JspServlet
2023-01-02 14:53:32.636 INFO  (main) [   ] o.e.j.s.session DefaultSessionIdManager workerName=node0
2023-01-02 14:53:32.637 INFO  (main) [   ] o.e.j.s.session No SessionScavenger set, using defaults
2023-01-02 14:53:32.640 INFO  (main) [   ] o.e.j.s.session node0 Scavenging every 660000ms
2023-01-02 14:53:32.713 INFO  (main) [   ] o.a.s.s.SolrDispatchFilter Using logger factory org.apache.logging.slf4j.Log4jLoggerFactory
2023-01-02 14:53:32.719 INFO  (main) [   ] o.a.s.s.SolrDispatchFilter  ___      _       Welcome to Apache Solr™ version 8.11.2
2023-01-02 14:53:32.720 INFO  (main) [   ] o.a.s.s.SolrDispatchFilter / __| ___| |_ _   Starting in standalone mode on port 8983
2023-01-02 14:53:32.720 INFO  (main) [   ] o.a.s.s.SolrDispatchFilter \__ \/ _ \ | '_|  Install dir: /opt/solr
2023-01-02 14:53:32.720 INFO  (main) [   ] o.a.s.s.SolrDispatchFilter |___/\___/_|_|    Start time: 2023-01-02T14:53:32.720430Z
2023-01-02 14:53:32.753 INFO  (main) [   ] o.a.s.c.SolrPaths Using system property solr.solr.home: /var/solr/data
2023-01-02 14:53:32.753 INFO  (main) [   ] o.a.s.c.SolrXmlConfig Loading container configuration from /var/solr/data/solr.xml
2023-01-02 14:53:32.836 INFO  (main) [   ] o.a.s.c.SolrXmlConfig MBean server found: com.sun.jmx.mbeanserver.JmxMBeanServer@792b749c, but no JMX reporters were configured - adding default JMX reporter.
2023-01-02 14:53:33.369 INFO  (main) [   ] o.a.s.h.c.HttpShardHandlerFactory Host whitelist initialized: WhitelistHostChecker [whitelistHosts=null, whitelistHostCheckingEnabled=true]
2023-01-02 14:53:33.549 WARN  (main) [   ] o.e.j.u.s.S.config Trusting all certificates configured for Client@186cb891[provider=null,keyStore=null,trustStore=null]
2023-01-02 14:53:33.549 WARN  (main) [   ] o.e.j.u.s.S.config No Client EndPointIdentificationAlgorithm configured for Client@186cb891[provider=null,keyStore=null,trustStore=null]
2023-01-02 14:53:33.734 WARN  (main) [   ] o.e.j.u.s.S.config Trusting all certificates configured for Client@13fed1ec[provider=null,keyStore=null,trustStore=null]
2023-01-02 14:53:33.734 WARN  (main) [   ] o.e.j.u.s.S.config No Client EndPointIdentificationAlgorithm configured for Client@13fed1ec[provider=null,keyStore=null,trustStore=null]
2023-01-02 14:53:33.793 WARN  (main) [   ] o.a.s.c.CoreContainer Not all security plugins configured!  authentication=disabled authorization=disabled.  Solr is only as secure as you make it. Consider configuring authentication/authorization before exposing Solr to users internal or external.  See https://s.apache.org/solrsecurity for more info
2023-01-02 14:53:33.985 INFO  (main) [   ] o.a.s.c.TransientSolrCoreCacheDefault Allocating transient core cache for max 2147483647 cores with initial capacity of 1024
2023-01-02 14:53:33.996 INFO  (main) [   ] o.a.s.h.a.MetricsHistoryHandler No .system collection, keeping metrics history in memory.
2023-01-02 14:53:34.101 INFO  (main) [   ] o.a.s.m.r.SolrJmxReporter JMX monitoring for 'solr.node' (registry 'solr.node') enabled at server: com.sun.jmx.mbeanserver.JmxMBeanServer@792b749c
2023-01-02 14:53:34.102 INFO  (main) [   ] o.a.s.m.r.SolrJmxReporter JMX monitoring for 'solr.jvm' (registry 'solr.jvm') enabled at server: com.sun.jmx.mbeanserver.JmxMBeanServer@792b749c
2023-01-02 14:53:34.104 INFO  (main) [   ] o.a.s.m.r.SolrJmxReporter JMX monitoring for 'solr.jetty' (registry 'solr.jetty') enabled at server: com.sun.jmx.mbeanserver.JmxMBeanServer@792b749c
2023-01-02 14:53:34.153 INFO  (main) [   ] o.a.s.c.CorePropertiesLocator Found 1 core definitions underneath /var/solr/data
2023-01-02 14:53:34.153 INFO  (main) [   ] o.a.s.c.CorePropertiesLocator Cores are: [management3]
2023-01-02 14:53:34.215 INFO  (coreLoadExecutor-13-thread-1) [   x:management3] o.a.s.c.SolrResourceLoader Added 19 libs to classloader, from paths: [/opt/solr/dist, /opt/solr/dist/solrj-lib, /opt/solr/dist/test-framework, /var/solr/data/management2/lib]
2023-01-02 14:53:34.248 INFO  (main) [   ] o.e.j.s.h.ContextHandler Started o.e.j.w.WebAppContext@19fe4644{/solr,file:///opt/solr-8.11.2/server/solr-webapp/webapp/,AVAILABLE}{/opt/solr-8.11.2/server/solr-webapp/webapp}
2023-01-02 14:53:34.277 INFO  (main) [   ] o.e.j.s.AbstractConnector Started ServerConnector@781f10f2{HTTP/1.1, (http/1.1, h2c)}{0.0.0.0:8983}
2023-01-02 14:53:34.278 INFO  (main) [   ] o.e.j.s.Server Started @3205ms
2023-01-02 14:53:34.462 INFO  (coreLoadExecutor-13-thread-1) [   x:management3] o.a.s.c.SolrConfig Using Lucene MatchVersion: 8.11.2
2023-01-02 14:53:34.513 WARN  (coreLoadExecutor-13-thread-1) [   x:management3] o.a.s.c.SolrConfig solrconfig.xml: <jmx> is no longer supported, use solr.xml:/metrics/reporter section instead
2023-01-02 14:53:34.566 INFO  (coreLoadExecutor-13-thread-1) [   x:management3] o.a.s.s.IndexSchema Schema name=default-config
2023-01-02 14:53:34.922 INFO  (coreLoadExecutor-13-thread-1) [   x:management3] o.a.s.s.IndexSchema Loaded schema default-config/1.6 with uniqueid field id
2023-01-02 14:53:34.957 INFO  (coreLoadExecutor-13-thread-1) [   x:management3] o.a.s.c.CoreContainer Creating SolrCore 'management3' using configuration from instancedir /var/solr/data/management2, trusted=true
2023-01-02 14:53:34.993 INFO  (coreLoadExecutor-13-thread-1) [   x:management3] o.a.s.m.r.SolrJmxReporter JMX monitoring for 'solr.core.management3' (registry 'solr.core.management3') enabled at server: com.sun.jmx.mbeanserver.JmxMBeanServer@792b749c
2023-01-02 14:53:35.015 INFO  (coreLoadExecutor-13-thread-1) [   x:management3] o.a.s.c.SolrCore [[management3] ] Opening new SolrCore at [/var/solr/data/management2], dataDir=[/var/solr/data/management2/data/]
2023-01-02 14:53:35.646 WARN  (coreLoadExecutor-13-thread-1) [   x:management3] o.a.s.h.d.DataImportHandler Data Import Handler is deprecated as of Solr 8.6. See SOLR-14066 for more details.
2023-01-02 14:53:35.669 INFO  (coreLoadExecutor-13-thread-1) [   x:management3] o.a.s.u.UpdateHandler Using UpdateLog implementation: org.apache.solr.update.UpdateLog
2023-01-02 14:53:35.669 INFO  (coreLoadExecutor-13-thread-1) [   x:management3] o.a.s.u.UpdateLog Initializing UpdateLog: dataDir= defaultSyncLevel=FLUSH numRecordsToKeep=100 maxNumLogsToKeep=10 numVersionBuckets=65536
2023-01-02 14:53:35.690 INFO  (coreLoadExecutor-13-thread-1) [   x:management3] o.a.s.u.CommitTracker Hard AutoCommit: if uncommitted for 15000ms; 
2023-01-02 14:53:35.690 INFO  (coreLoadExecutor-13-thread-1) [   x:management3] o.a.s.u.CommitTracker Soft AutoCommit: disabled
2023-01-02 14:53:35.828 INFO  (coreLoadExecutor-13-thread-1) [   x:management3] o.a.s.r.ManagedResourceStorage File-based storage initialized to use dir: /var/solr/data/management2/conf
2023-01-02 14:53:35.845 INFO  (coreLoadExecutor-13-thread-1) [   x:management3] o.a.s.h.c.SpellCheckComponent Initializing spell checkers
2023-01-02 14:53:35.852 INFO  (coreLoadExecutor-13-thread-1) [   x:management3] o.a.s.s.DirectSolrSpellChecker init: {name=default,field=_text_,classname=solr.DirectSolrSpellChecker,distanceMeasure=internal,accuracy=0.5,maxQueryFrequency=0.01,maxEdits=2,minPrefix=1,maxInspections=5,minQueryLength=4}
2023-01-02 14:53:35.868 INFO  (coreLoadExecutor-13-thread-1) [   x:management3] o.a.s.h.ReplicationHandler Commits will be reserved for 10000 ms
2023-01-02 14:53:35.895 INFO  (searcherExecutor-15-thread-1-processing-x:management3) [   x:management3] o.a.s.c.QuerySenderListener QuerySenderListener done.
2023-01-02 14:53:35.895 INFO  (searcherExecutor-15-thread-1-processing-x:management3) [   x:management3] o.a.s.h.c.SpellCheckComponent Loading spell index for spellchecker: default
2023-01-02 14:53:35.909 INFO  (searcherExecutor-15-thread-1-processing-x:management3) [   x:management3] o.a.s.c.SolrCore [management3]  Registered new searcher autowarm time: 0 ms
2023-01-02 14:53:40.260 INFO  (qtp1350751778-21) [   x:management3] o.a.s.c.S.Request [management3]  webapp=/solr path=/admin/mbeans params={cat=QUERY&wt=json&_=1672671220225} status=0 QTime=9
2023-01-02 14:53:40.262 INFO  (qtp1350751778-25) [   ] o.a.s.s.HttpSolrCall [admin] webapp=null path=/admin/cores params={indexInfo=false&wt=json&_=1672671220143} status=0 QTime=13
2023-01-02 14:53:40.269 INFO  (qtp1350751778-43) [   x:management3] o.a.s.c.S.Request [management3]  webapp=/solr path=/dataimport params={indent=on&wt=json&command=show-config&_=1672671220225} status=0 QTime=18
2023-01-02 14:53:40.289 INFO  (qtp1350751778-44) [   ] o.a.s.s.HttpSolrCall [admin] webapp=null path=/admin/info/system params={wt=json&_=1672671220143} status=0 QTime=40
2023-01-02 14:53:40.304 INFO  (qtp1350751778-18) [   x:management3] o.a.s.c.S.Request [management3]  webapp=/solr path=/dataimport params={indent=on&wt=json&command=status&_=1672671220225} status=0 QTime=0
2023-01-02 14:53:49.438 INFO  (qtp1350751778-26) [   x:management3] o.a.s.c.S.Request [management3]  webapp=/solr path=/select params={fq=id:5047} hits=0 status=0 QTime=43
2023-01-02 14:53:56.426 INFO  (qtp1350751778-26) [   x:management3] o.a.s.h.d.DataImporter Loading DIH Configuration: db-data-config.xml
2023-01-02 14:53:56.436 INFO  (qtp1350751778-26) [   x:management3] o.a.s.h.d.DataImporter Data Configuration loaded successfully
2023-01-02 14:53:56.451 INFO  (qtp1350751778-26) [   x:management3] o.a.s.c.S.Request [management3]  webapp=/solr path=/dataimport params={core=management3&indent=on&commit=true&name=dataimport&clean=false&wt=json&command=delta-import&_=1672671220225&verbose=false} status=0 QTime=26
2023-01-02 14:53:56.451 INFO  (Thread-16) [   ] o.a.s.h.d.DataImporter Starting Delta Import
2023-01-02 14:53:56.464 INFO  (qtp1350751778-18) [   x:management3] o.a.s.c.S.Request [management3]  webapp=/solr path=/dataimport params={indent=on&wt=json&command=status&_=1672671220225} status=0 QTime=0
2023-01-02 14:53:56.479 INFO  (Thread-16) [   ] o.a.s.h.d.SimplePropertiesWriter Read dataimport.properties
2023-01-02 14:53:56.527 INFO  (Thread-16) [   ] o.a.s.h.d.DocBuilder Starting delta collection.
2023-01-02 14:53:56.542 INFO  (Thread-16) [   ] o.a.s.h.d.DocBuilder Running ModifiedRowKey() for Entity: task
2023-01-02 14:53:56.544 INFO  (Thread-16) [   ] o.a.s.h.d.JdbcDataSource Creating a connection for entity task with URL: jdbc:mysql://172.25.197.100:3700/management
2023-01-02 14:53:56.932 INFO  (Thread-16) [   ] o.a.s.h.d.JdbcDataSource Time taken for getConnection(): 387
2023-01-02 14:53:56.963 INFO  (Thread-16) [   ] o.a.s.h.d.DocBuilder Completed ModifiedRowKey for Entity: task rows obtained: 1
2023-01-02 14:53:56.963 INFO  (Thread-16) [   ] o.a.s.h.d.DocBuilder Completed DeletedRowKey for Entity: task rows obtained : 0
2023-01-02 14:53:56.963 INFO  (Thread-16) [   ] o.a.s.h.d.DocBuilder Completed parentDeltaQuery for Entity: task
2023-01-02 14:53:57.022 INFO  (Thread-16) [   ] o.a.s.h.d.DocBuilder Delta Import completed successfully
2023-01-02 14:53:57.022 INFO  (Thread-16) [   ] o.a.s.h.d.DocBuilder Import completed successfully
2023-01-02 14:53:57.115 INFO  (searcherExecutor-15-thread-1) [   ] o.a.s.c.QuerySenderListener QuerySenderListener done.
2023-01-02 14:53:57.123 INFO  (searcherExecutor-15-thread-1) [   ] o.a.s.c.SolrCore [management3]  Registered new searcher autowarm time: 4 ms
2023-01-02 14:53:57.134 INFO  (Thread-16) [   ] o.a.s.h.d.SimplePropertiesWriter Read dataimport.properties
2023-01-02 14:53:57.134 INFO  (Thread-16) [   ] o.a.s.h.d.SimplePropertiesWriter Wrote last indexed time to dataimport.properties
2023-01-02 14:53:57.135 INFO  (Thread-16) [   ] o.a.s.h.d.DocBuilder Time taken = 0:0:0.654
2023-01-02 14:53:57.135 INFO  (Thread-16) [   ] o.a.s.u.p.LogUpdateProcessorFactory [management3]  webapp=/solr path=/dataimport params={core=management3&indent=on&commit=true&name=dataimport&clean=false&wt=json&command=delta-import&_=1672671220225&verbose=false} status=0 QTime=26{add=[5047 (1753922914988589056)],commit=} 0 709
2023-01-02 14:53:58.408 INFO  (qtp1350751778-26) [   x:management3] o.a.s.c.S.Request [management3]  webapp=/solr path=/select params={fq=id:5047} hits=0 status=0 QTime=1
2023-01-02 14:53:58.872 INFO  (qtp1350751778-26) [   x:management3] o.a.s.c.S.Request [management3]  webapp=/solr path=/select params={fq=id:5047} hits=0 status=0 QTime=1
2023-01-02 14:53:59.064 INFO  (qtp1350751778-26) [   x:management3] o.a.s.c.S.Request [management3]  webapp=/solr path=/select params={fq=id:5047} hits=0 status=0 QTime=0
2023-01-02 14:53:59.260 INFO  (qtp1350751778-26) [   x:management3] o.a.s.c.S.Request [management3]  webapp=/solr path=/select params={fq=id:5047} hits=0 status=0 QTime=0
2023-01-02 14:53:59.450 INFO  (qtp1350751778-26) [   x:management3] o.a.s.c.S.Request [management3]  webapp=/solr path=/select params={fq=id:5047} hits=0 status=0 QTime=0
2023-01-02 14:53:59.652 INFO  (qtp1350751778-26) [   x:management3] o.a.s.c.S.Request [management3]  webapp=/solr path=/select params={fq=id:5047} hits=0 status=0 QTime=0
2023-01-02 14:53:59.864 INFO  (qtp1350751778-26) [   x:management3] o.a.s.c.S.Request [management3]  webapp=/solr path=/select params={fq=id:5047} hits=0 status=0 QTime=0
2023-01-02 14:54:00.081 INFO  (qtp1350751778-26) [   x:management3] o.a.s.c.S.Request [management3]  webapp=/solr path=/select params={fq=id:5047} hits=0 status=0 QTime=0
2023-01-02 14:54:00.280 INFO  (qtp1350751778-26) [   x:management3] o.a.s.c.S.Request [management3]  webapp=/solr path=/select params={fq=id:5047} hits=0 status=0 QTime=0
2023-01-02 14:54:00.485 INFO  (qtp1350751778-26) [   x:management3] o.a.s.c.S.Request [management3]  webapp=/solr path=/select params={fq=id:5047} hits=0 status=0 QTime=0
2023-01-02 14:54:00.682 INFO  (qtp1350751778-26) [   x:management3] o.a.s.c.S.Request [management3]  webapp=/solr path=/select params={fq=id:5047} hits=0 status=0 QTime=0
2023-01-02 14:54:01.138 INFO  (qtp1350751778-26) [   x:management3] o.a.s.c.S.Request [management3]  webapp=/solr path=/select params={fq=id:5047} hits=0 status=0 QTime=0
2023-01-02 14:54:01.545 INFO  (qtp1350751778-26) [   x:management3] o.a.s.c.S.Request [management3]  webapp=/solr path=/select params={fq=id:5047} hits=0 status=0 QTime=0
2023-01-02 14:54:01.806 INFO  (qtp1350751778-26) [   x:management3] o.a.s.c.S.Request [management3]  webapp=/solr path=/select params={fq=id:5047} hits=0 status=0 QTime=0
2023-01-02 14:54:02.252 INFO  (qtp1350751778-26) [   x:management3] o.a.s.c.S.Request [management3]  webapp=/solr path=/select params={fq=id:5047} hits=0 status=0 QTime=0
2023-01-02 14:54:10.844 INFO  (qtp1350751778-26) [   x:management3] o.a.s.c.S.Request [management3]  webapp=/solr path=/dataimport params={indent=on&wt=json&command=status&_=1672671220225} status=0 QTime=0
2023-01-02 14:54:23.171 INFO  (qtp1350751778-18) [   ] o.a.s.s.HttpSolrCall [admin] webapp=null path=/admin/cores params={indexInfo=false&wt=json&_=1672668736322} status=0 QTime=0
2023-01-02 14:54:23.177 INFO  (qtp1350751778-23) [   ] o.a.s.s.HttpSolrCall [admin] webapp=null path=/admin/info/system params={wt=json&_=1672668736323} status=0 QTime=6
2023-01-02 14:54:26.672 INFO  (qtp1350751778-26) [   x:management3] o.a.s.c.S.Request [management3]  webapp=/solr path=/select params={q=*:*&indent=true&q.op=OR&fq=id:5047&_=1672668736379} hits=1 status=0 QTime=4
2023-01-02 14:54:26.715 INFO  (qtp1350751778-23) [   ] o.a.s.s.HttpSolrCall [admin] webapp=null path=/admin/cores params={indexInfo=false&wt=json&_=1672668736322} status=0 QTime=0
2023-01-02 14:54:26.716 INFO  (qtp1350751778-21) [   x:management3] o.a.s.c.S.Request [management3]  webapp=/solr path=/select params={q=*:*&indent=true&q.op=OR&fq=id:5047&_=1672668736379} hits=1 status=0 QTime=1
2023-01-02 14:54:26.725 INFO  (qtp1350751778-25) [   ] o.a.s.s.HttpSolrCall [admin] webapp=null path=/admin/info/system params={wt=json&_=1672668736323} status=0 QTime=10
2023-01-02 14:54:34.690 INFO  (qtp1350751778-26) [   x:management3] o.a.s.c.S.Request [management3]  webapp=/solr path=/select params={q=*:*&indent=true&q.op=OR&fq=id:5047&_=1672668736379} hits=1 status=0 QTime=1
2023-01-02 14:54:37.057 INFO  (qtp1350751778-25) [   x:management3] o.a.s.c.S.Request [management3]  webapp=/solr path=/select params={q=*:*&indent=true&q.op=OR&fq=id:5047&_=1672668736379} hits=1 status=0 QTime=0
2023-01-02 14:54:40.990 INFO  (qtp1350751778-25) [   x:management3] o.a.s.c.S.Request [management3]  webapp=/solr path=/select params={q=*:*&indent=true&q.op=OR&fq=id:5047} hits=1 status=0 QTime=0
2023-01-02 14:54:43.103 INFO  (qtp1350751778-26) [   x:management3] o.a.s.c.S.Request [management3]  webapp=/solr path=/select params={fq=id:5047} hits=0 status=0 QTime=0
2023-01-02 14:54:48.020 INFO  (qtp1350751778-25) [   x:management3] o.a.s.c.S.Request [management3]  webapp=/solr path=/select params={q=*:*&indent=true&q.op=OR&fq=id:5047} hits=1 status=0 QTime=0
2023-01-02 14:56:53.840 INFO  (qtp1350751778-18) [   x:management3] o.a.s.c.S.Request [management3]  webapp=/solr path=/dataimport params={indent=on&wt=json&command=status&_=1672671220225} status=0 QTime=0
2023-01-02 14:57:06.279 INFO  (qtp1350751778-26) [   x:management3] o.a.s.c.S.Request [management3]  webapp=/solr path=/dataimport params={indent=on&wt=json&command=status&_=1672671220225} status=0 QTime=0
2023-01-02 14:57:09.528 INFO  (qtp1350751778-18) [   x:management3] o.a.s.c.S.Request [management3]  webapp=/solr path=/dataimport params={indent=on&wt=json&command=status&_=1672671220225} status=0 QTime=0
2023-01-02 14:57:10.405 INFO  (qtp1350751778-26) [   x:management3] o.a.s.c.S.Request [management3]  webapp=/solr path=/dataimport params={indent=on&wt=json&command=status&_=1672671220225} status=0 QTime=0
2023-01-02 14:57:13.667 INFO  (qtp1350751778-18) [   x:management3] o.a.s.c.S.Request [management3]  webapp=/solr path=/dataimport params={indent=on&wt=json&command=status&_=1672671220225} status=0 QTime=0
2023-01-02 14:57:15.157 INFO  (qtp1350751778-26) [   x:management3] o.a.s.c.S.Request [management3]  webapp=/solr path=/dataimport params={indent=on&wt=json&command=status&_=1672671220225} status=0 QTime=0
2023-01-02 14:57:15.542 INFO  (qtp1350751778-18) [   x:management3] o.a.s.c.S.Request [management3]  webapp=/solr path=/dataimport params={indent=on&wt=json&command=status&_=1672671220225} status=0 QTime=0
2023-01-02 14:57:15.797 INFO  (qtp1350751778-26) [   x:management3] o.a.s.c.S.Request [management3]  webapp=/solr path=/dataimport params={indent=on&wt=json&command=status&_=1672671220225} status=0 QTime=0
2023-01-02 14:57:16.018 INFO  (qtp1350751778-18) [   x:management3] o.a.s.c.S.Request [management3]  webapp=/solr path=/dataimport params={indent=on&wt=json&command=status&_=1672671220225} status=0 QTime=0
2023-01-02 14:57:16.213 INFO  (qtp1350751778-26) [   x:management3] o.a.s.c.S.Request [management3]  webapp=/solr path=/dataimport params={indent=on&wt=json&command=status&_=1672671220225} status=0 QTime=0
2023-01-02 14:57:16.432 INFO  (qtp1350751778-18) [   x:management3] o.a.s.c.S.Request [management3]  webapp=/solr path=/dataimport params={indent=on&wt=json&command=status&_=1672671220225} status=0 QTime=0
2023-01-02 14:57:16.665 INFO  (qtp1350751778-26) [   x:management3] o.a.s.c.S.Request [management3]  webapp=/solr path=/dataimport params={indent=on&wt=json&command=status&_=1672671220225} status=0 QTime=0
2023-01-02 14:57:17.169 INFO  (qtp1350751778-18) [   x:management3] o.a.s.c.S.Request [management3]  webapp=/solr path=/dataimport params={indent=on&wt=json&command=status&_=1672671220225} status=0 QTime=0
2023-01-02 14:57:17.669 INFO  (qtp1350751778-26) [   x:management3] o.a.s.c.S.Request [management3]  webapp=/solr path=/dataimport params={indent=on&wt=json&command=status&_=1672671220225} status=0 QTime=0
2023-01-02 14:57:18.078 INFO  (qtp1350751778-18) [   x:management3] o.a.s.c.S.Request [management3]  webapp=/solr path=/dataimport params={indent=on&wt=json&command=status&_=1672671220225} status=0 QTime=0
2023-01-02 14:57:18.703 INFO  (qtp1350751778-26) [   x:management3] o.a.s.c.S.Request [management3]  webapp=/solr path=/dataimport params={indent=on&wt=json&command=status&_=1672671220225} status=0 QTime=0
2023-01-02 14:58:02.406 INFO  (qtp1350751778-18) [   x:management3] o.a.s.h.d.DataImporter Loading DIH Configuration: db-data-config.xml
2023-01-02 14:58:02.409 INFO  (qtp1350751778-18) [   x:management3] o.a.s.h.d.DataImporter Data Configuration loaded successfully
2023-01-02 14:58:02.410 INFO  (qtp1350751778-18) [   x:management3] o.a.s.c.S.Request [management3]  webapp=/solr path=/dataimport params={core=management3&indent=on&commit=false&name=dataimport&clean=false&wt=json&command=delta-import&_=1672671220225&verbose=false} status=0 QTime=4
2023-01-02 14:58:02.410 INFO  (Thread-18) [   ] o.a.s.h.d.DataImporter Starting Delta Import
2023-01-02 14:58:02.416 INFO  (Thread-18) [   ] o.a.s.h.d.SimplePropertiesWriter Read dataimport.properties
2023-01-02 14:58:02.419 INFO  (Thread-18) [   ] o.a.s.h.d.DocBuilder Starting delta collection.
2023-01-02 14:58:02.420 INFO  (Thread-18) [   ] o.a.s.h.d.DocBuilder Running ModifiedRowKey() for Entity: task
2023-01-02 14:58:02.420 INFO  (Thread-18) [   ] o.a.s.h.d.JdbcDataSource Creating a connection for entity task with URL: jdbc:mysql://172.25.197.100:3700/management
2023-01-02 14:58:02.426 INFO  (qtp1350751778-26) [   x:management3] o.a.s.c.S.Request [management3]  webapp=/solr path=/dataimport params={indent=on&wt=json&command=status&_=1672671220225} status=0 QTime=1
2023-01-02 14:58:02.463 INFO  (Thread-18) [   ] o.a.s.h.d.JdbcDataSource Time taken for getConnection(): 41
2023-01-02 14:58:02.469 INFO  (Thread-18) [   ] o.a.s.h.d.DocBuilder Completed ModifiedRowKey for Entity: task rows obtained: 1
2023-01-02 14:58:02.469 INFO  (Thread-18) [   ] o.a.s.h.d.DocBuilder Completed DeletedRowKey for Entity: task rows obtained : 0
2023-01-02 14:58:02.469 INFO  (Thread-18) [   ] o.a.s.h.d.DocBuilder Completed parentDeltaQuery for Entity: task
2023-01-02 14:58:02.478 INFO  (Thread-18) [   ] o.a.s.h.d.DocBuilder Delta Import completed successfully
2023-01-02 14:58:02.478 INFO  (Thread-18) [   ] o.a.s.h.d.DocBuilder Import completed successfully
2023-01-02 14:58:02.478 INFO  (Thread-18) [   ] o.a.s.h.d.SimplePropertiesWriter Read dataimport.properties
2023-01-02 14:58:02.479 INFO  (Thread-18) [   ] o.a.s.h.d.SimplePropertiesWriter Wrote last indexed time to dataimport.properties
2023-01-02 14:58:02.479 INFO  (Thread-18) [   ] o.a.s.h.d.DocBuilder Time taken = 0:0:0.62
2023-01-02 14:58:02.480 INFO  (Thread-18) [   ] o.a.s.u.p.LogUpdateProcessorFactory [management3]  webapp=/solr path=/dataimport params={core=management3&indent=on&commit=false&name=dataimport&clean=false&wt=json&command=delta-import&_=1672671220225&verbose=false} status=0 QTime=4{add=[5047 (1753923172407705600)]} 0 73
2023-01-02 14:58:08.630 INFO  (qtp1350751778-44) [   x:management3] o.a.s.c.S.Request [management3]  webapp=/solr path=/dataimport params={indent=on&wt=json&command=status&_=1672671220225} status=0 QTime=0
2023-01-02 14:58:49.591 INFO  (qtp1350751778-26) [   x:management3] o.a.s.h.d.DataImporter Loading DIH Configuration: db-data-config.xml
2023-01-02 14:58:49.593 INFO  (qtp1350751778-26) [   x:management3] o.a.s.h.d.DataImporter Data Configuration loaded successfully
2023-01-02 14:58:49.594 INFO  (qtp1350751778-26) [   x:management3] o.a.s.c.S.Request [management3]  webapp=/solr path=/dataimport params={core=management3&indent=on&commit=true&name=dataimport&clean=false&wt=json&command=delta-import&_=1672671220225&verbose=false} status=0 QTime=3
2023-01-02 14:58:49.594 INFO  (Thread-19) [   ] o.a.s.h.d.DataImporter Starting Delta Import
2023-01-02 14:58:49.599 INFO  (Thread-19) [   ] o.a.s.h.d.SimplePropertiesWriter Read dataimport.properties
2023-01-02 14:58:49.601 INFO  (Thread-19) [   ] o.a.s.h.d.DocBuilder Starting delta collection.
2023-01-02 14:58:49.601 INFO  (Thread-19) [   ] o.a.s.h.d.DocBuilder Running ModifiedRowKey() for Entity: task
2023-01-02 14:58:49.601 INFO  (Thread-19) [   ] o.a.s.h.d.JdbcDataSource Creating a connection for entity task with URL: jdbc:mysql://172.25.197.100:3700/management
2023-01-02 14:58:49.610 INFO  (qtp1350751778-44) [   x:management3] o.a.s.c.S.Request [management3]  webapp=/solr path=/dataimport params={indent=on&wt=json&command=status&_=1672671220225} status=0 QTime=1
2023-01-02 14:58:49.653 INFO  (Thread-19) [   ] o.a.s.h.d.JdbcDataSource Time taken for getConnection(): 51
2023-01-02 14:58:49.663 INFO  (Thread-19) [   ] o.a.s.h.d.DocBuilder Completed ModifiedRowKey for Entity: task rows obtained: 1
2023-01-02 14:58:49.663 INFO  (Thread-19) [   ] o.a.s.h.d.DocBuilder Completed DeletedRowKey for Entity: task rows obtained : 0
2023-01-02 14:58:49.663 INFO  (Thread-19) [   ] o.a.s.h.d.DocBuilder Completed parentDeltaQuery for Entity: task
2023-01-02 14:58:49.673 INFO  (Thread-19) [   ] o.a.s.h.d.DocBuilder Delta Import completed successfully
2023-01-02 14:58:49.674 INFO  (Thread-19) [   ] o.a.s.h.d.DocBuilder Import completed successfully
2023-01-02 14:58:49.731 INFO  (searcherExecutor-15-thread-1) [   ] o.a.s.c.QuerySenderListener QuerySenderListener done.
2023-01-02 14:58:49.737 INFO  (searcherExecutor-15-thread-1) [   ] o.a.s.c.SolrCore [management3]  Registered new searcher autowarm time: 0 ms
2023-01-02 14:58:49.747 INFO  (Thread-19) [   ] o.a.s.h.d.SimplePropertiesWriter Read dataimport.properties
2023-01-02 14:58:49.748 INFO  (Thread-19) [   ] o.a.s.h.d.SimplePropertiesWriter Wrote last indexed time to dataimport.properties
2023-01-02 14:58:49.748 INFO  (Thread-19) [   ] o.a.s.h.d.DocBuilder Time taken = 0:0:0.148
2023-01-02 14:58:49.748 INFO  (Thread-19) [   ] o.a.s.u.p.LogUpdateProcessorFactory [management3]  webapp=/solr path=/dataimport params={core=management3&indent=on&commit=true&name=dataimport&clean=false&wt=json&command=delta-import&_=1672671220225&verbose=false} status=0 QTime=3{add=[5047 (1753923221895249920)],commit=} 0 157
2023-01-02 14:58:59.588 INFO  (qtp1350751778-26) [   x:management3] o.a.s.c.S.Request [management3]  webapp=/solr path=/dataimport params={indent=on&wt=json&command=status&_=1672671220225} status=0 QTime=0
2023-01-02 15:02:42.853 INFO  (qtp1350751778-21) [   x:management3] o.a.s.c.S.Request [management3]  webapp=/solr path=/dataimport params={indent=on&wt=json&command=status&_=1672671220225} status=0 QTime=2
2023-01-02 15:02:50.787 INFO  (qtp1350751778-24) [   x:management3] o.a.s.h.d.DataImporter Loading DIH Configuration: db-data-config.xml
2023-01-02 15:02:50.796 INFO  (qtp1350751778-24) [   x:management3] o.a.s.h.d.DataImporter Data Configuration loaded successfully
2023-01-02 15:02:50.798 INFO  (qtp1350751778-24) [   x:management3] o.a.s.c.S.Request [management3]  webapp=/solr path=/dataimport params={core=management3&optimize=false&indent=on&commit=false&name=dataimport&clean=false&wt=json&command=delta-import&_=1672671220225&verbose=false} status=0 QTime=11
2023-01-02 15:02:50.798 INFO  (Thread-20) [   ] o.a.s.h.d.DataImporter Starting Delta Import
2023-01-02 15:02:50.807 INFO  (Thread-20) [   ] o.a.s.h.d.SimplePropertiesWriter Read dataimport.properties
2023-01-02 15:02:50.810 INFO  (qtp1350751778-21) [   x:management3] o.a.s.c.S.Request [management3]  webapp=/solr path=/dataimport params={indent=on&wt=json&command=status&_=1672671220225} status=0 QTime=0
2023-01-02 15:02:50.810 INFO  (Thread-20) [   ] o.a.s.h.d.DocBuilder Starting delta collection.
2023-01-02 15:02:50.811 INFO  (Thread-20) [   ] o.a.s.h.d.DocBuilder Running ModifiedRowKey() for Entity: task
2023-01-02 15:02:50.811 INFO  (Thread-20) [   ] o.a.s.h.d.JdbcDataSource Creating a connection for entity task with URL: jdbc:mysql://172.25.197.100:3700/management
2023-01-02 15:02:50.864 INFO  (Thread-20) [   ] o.a.s.h.d.JdbcDataSource Time taken for getConnection(): 52
2023-01-02 15:02:50.873 INFO  (Thread-20) [   ] o.a.s.h.d.DocBuilder Completed ModifiedRowKey for Entity: task rows obtained: 1
2023-01-02 15:02:50.873 INFO  (Thread-20) [   ] o.a.s.h.d.DocBuilder Completed DeletedRowKey for Entity: task rows obtained : 0
2023-01-02 15:02:50.873 INFO  (Thread-20) [   ] o.a.s.h.d.DocBuilder Completed parentDeltaQuery for Entity: task
2023-01-02 15:02:50.885 INFO  (Thread-20) [   ] o.a.s.h.d.DocBuilder Delta Import completed successfully
2023-01-02 15:02:50.885 INFO  (Thread-20) [   ] o.a.s.h.d.DocBuilder Import completed successfully
2023-01-02 15:02:50.885 INFO  (Thread-20) [   ] o.a.s.h.d.SimplePropertiesWriter Read dataimport.properties
2023-01-02 15:02:50.885 INFO  (Thread-20) [   ] o.a.s.h.d.SimplePropertiesWriter Wrote last indexed time to dataimport.properties
2023-01-02 15:02:50.886 INFO  (Thread-20) [   ] o.a.s.h.d.DocBuilder Time taken = 0:0:0.78
2023-01-02 15:02:50.886 INFO  (Thread-20) [   ] o.a.s.u.p.LogUpdateProcessorFactory [management3]  webapp=/solr path=/dataimport params={core=management3&optimize=false&indent=on&commit=false&name=dataimport&clean=false&wt=json&command=delta-import&_=1672671220225&verbose=false} status=0 QTime=11{add=[5047 (1753923474821218304)]} 0 99
2023-01-02 15:02:53.347 INFO  (qtp1350751778-24) [   x:management3] o.a.s.c.S.Request [management3]  webapp=/solr path=/dataimport params={indent=on&wt=json&command=status&_=1672671220225} status=0 QTime=0
2023-01-02 15:02:58.947 INFO  (qtp1350751778-21) [   x:management3] o.a.s.h.d.DataImporter Loading DIH Configuration: db-data-config.xml
2023-01-02 15:02:58.951 INFO  (qtp1350751778-21) [   x:management3] o.a.s.h.d.DataImporter Data Configuration loaded successfully
2023-01-02 15:02:58.952 INFO  (qtp1350751778-21) [   x:management3] o.a.s.c.S.Request [management3]  webapp=/solr path=/dataimport params={core=management3&optimize=false&indent=on&commit=true&name=dataimport&clean=false&wt=json&command=delta-import&_=1672671220225&verbose=false} status=0 QTime=5
2023-01-02 15:02:58.952 INFO  (Thread-21) [   ] o.a.s.h.d.DataImporter Starting Delta Import
2023-01-02 15:02:58.964 INFO  (Thread-21) [   ] o.a.s.h.d.SimplePropertiesWriter Read dataimport.properties
2023-01-02 15:02:58.968 INFO  (Thread-21) [   ] o.a.s.h.d.DocBuilder Starting delta collection.
2023-01-02 15:02:58.969 INFO  (Thread-21) [   ] o.a.s.h.d.DocBuilder Running ModifiedRowKey() for Entity: task
2023-01-02 15:02:58.969 INFO  (Thread-21) [   ] o.a.s.h.d.JdbcDataSource Creating a connection for entity task with URL: jdbc:mysql://172.25.197.100:3700/management
2023-01-02 15:02:58.972 INFO  (qtp1350751778-24) [   x:management3] o.a.s.c.S.Request [management3]  webapp=/solr path=/dataimport params={indent=on&wt=json&command=status&_=1672671220225} status=0 QTime=1
2023-01-02 15:02:59.020 INFO  (Thread-21) [   ] o.a.s.h.d.JdbcDataSource Time taken for getConnection(): 50
2023-01-02 15:02:59.027 INFO  (Thread-21) [   ] o.a.s.h.d.DocBuilder Completed ModifiedRowKey for Entity: task rows obtained: 1
2023-01-02 15:02:59.027 INFO  (Thread-21) [   ] o.a.s.h.d.DocBuilder Completed DeletedRowKey for Entity: task rows obtained : 0
2023-01-02 15:02:59.027 INFO  (Thread-21) [   ] o.a.s.h.d.DocBuilder Completed parentDeltaQuery for Entity: task
2023-01-02 15:02:59.036 INFO  (Thread-21) [   ] o.a.s.h.d.DocBuilder Delta Import completed successfully
2023-01-02 15:02:59.036 INFO  (Thread-21) [   ] o.a.s.h.d.DocBuilder Import completed successfully
2023-01-02 15:02:59.100 INFO  (searcherExecutor-15-thread-1) [   ] o.a.s.c.QuerySenderListener QuerySenderListener done.
2023-01-02 15:02:59.106 INFO  (searcherExecutor-15-thread-1) [   ] o.a.s.c.SolrCore [management3]  Registered new searcher autowarm time: 0 ms
2023-01-02 15:02:59.113 INFO  (Thread-21) [   ] o.a.s.h.d.SimplePropertiesWriter Read dataimport.properties
2023-01-02 15:02:59.114 INFO  (Thread-21) [   ] o.a.s.h.d.SimplePropertiesWriter Wrote last indexed time to dataimport.properties
2023-01-02 15:02:59.114 INFO  (Thread-21) [   ] o.a.s.h.d.DocBuilder Time taken = 0:0:0.149
2023-01-02 15:02:59.115 INFO  (Thread-21) [   ] o.a.s.u.p.LogUpdateProcessorFactory [management3]  webapp=/solr path=/dataimport params={core=management3&optimize=false&indent=on&commit=true&name=dataimport&clean=false&wt=json&command=delta-import&_=1672671220225&verbose=false} status=0 QTime=5{add=[5047 (1753923483372355584)],commit=} 0 167
2023-01-02 15:03:06.398 INFO  (qtp1350751778-21) [   x:management3] o.a.s.c.S.Request [management3]  webapp=/solr path=/dataimport params={indent=on&wt=json&command=status&_=1672671220225} status=0 QTime=0
2023-01-02 15:05:15.057 INFO  (qtp1350751778-23) [   x:management3] o.a.s.h.d.DataImporter Loading DIH Configuration: db-data-config.xml
2023-01-02 15:05:15.061 INFO  (qtp1350751778-23) [   x:management3] o.a.s.h.d.DataImporter Data Configuration loaded successfully
2023-01-02 15:05:15.062 INFO  (Thread-22) [   ] o.a.s.h.d.DataImporter Starting Delta Import
2023-01-02 15:05:15.062 INFO  (qtp1350751778-23) [   x:management3] o.a.s.c.S.Request [management3]  webapp=/solr path=/dataimport params={core=management3&optimize=false&indent=on&commit=true&name=dataimport&clean=false&wt=json&command=delta-import&_=1672671220225&verbose=false} status=0 QTime=5
2023-01-02 15:05:15.072 INFO  (Thread-22) [   ] o.a.s.h.d.SimplePropertiesWriter Read dataimport.properties
2023-01-02 15:05:15.079 INFO  (Thread-22) [   ] o.a.s.h.d.DocBuilder Starting delta collection.
2023-01-02 15:05:15.079 INFO  (Thread-22) [   ] o.a.s.h.d.DocBuilder Running ModifiedRowKey() for Entity: task
2023-01-02 15:05:15.081 INFO  (qtp1350751778-49) [   x:management3] o.a.s.c.S.Request [management3]  webapp=/solr path=/dataimport params={indent=on&wt=json&command=status&_=1672671220225} status=0 QTime=1
2023-01-02 15:05:15.081 INFO  (Thread-22) [   ] o.a.s.h.d.JdbcDataSource Creating a connection for entity task with URL: jdbc:mysql://172.25.197.100:3700/management
2023-01-02 15:05:15.130 INFO  (Thread-22) [   ] o.a.s.h.d.JdbcDataSource Time taken for getConnection(): 48
2023-01-02 15:05:15.139 INFO  (Thread-22) [   ] o.a.s.h.d.DocBuilder Completed ModifiedRowKey for Entity: task rows obtained: 1
2023-01-02 15:05:15.139 INFO  (Thread-22) [   ] o.a.s.h.d.DocBuilder Completed DeletedRowKey for Entity: task rows obtained : 0
2023-01-02 15:05:15.139 INFO  (Thread-22) [   ] o.a.s.h.d.DocBuilder Completed parentDeltaQuery for Entity: task
2023-01-02 15:05:15.148 INFO  (Thread-22) [   ] o.a.s.h.d.DocBuilder Delta Import completed successfully
2023-01-02 15:05:15.148 INFO  (Thread-22) [   ] o.a.s.h.d.DocBuilder Import completed successfully
2023-01-02 15:05:15.200 INFO  (searcherExecutor-15-thread-1) [   ] o.a.s.c.QuerySenderListener QuerySenderListener done.
2023-01-02 15:05:15.203 INFO  (searcherExecutor-15-thread-1) [   ] o.a.s.c.SolrCore [management3]  Registered new searcher autowarm time: 0 ms
2023-01-02 15:05:15.206 INFO  (Thread-22) [   ] o.a.s.h.d.SimplePropertiesWriter Read dataimport.properties
2023-01-02 15:05:15.207 INFO  (Thread-22) [   ] o.a.s.h.d.SimplePropertiesWriter Wrote last indexed time to dataimport.properties
2023-01-02 15:05:15.207 INFO  (Thread-22) [   ] o.a.s.h.d.DocBuilder Time taken = 0:0:0.134
2023-01-02 15:05:15.207 INFO  (Thread-22) [   ] o.a.s.u.p.LogUpdateProcessorFactory [management3]  webapp=/solr path=/dataimport params={core=management3&optimize=false&indent=on&commit=true&name=dataimport&clean=false&wt=json&command=delta-import&_=1672671220225&verbose=false} status=0 QTime=5{add=[5047 (1753923626095083520)],commit=} 0 151
2023-01-02 15:05:16.059 INFO  (qtp1350751778-23) [   x:management3] o.a.s.c.S.Request [management3]  webapp=/solr path=/dataimport params={indent=on&wt=json&command=status&_=1672671220225} status=0 QTime=0
2023-01-02 15:05:21.639 INFO  (qtp1350751778-49) [   x:management3] o.a.s.h.d.DataImporter Loading DIH Configuration: db-data-config.xml
2023-01-02 15:05:21.640 INFO  (qtp1350751778-49) [   x:management3] o.a.s.h.d.DataImporter Data Configuration loaded successfully
2023-01-02 15:05:21.641 INFO  (qtp1350751778-49) [   x:management3] o.a.s.c.S.Request [management3]  webapp=/solr path=/dataimport params={core=management3&optimize=false&indent=on&commit=true&name=dataimport&clean=false&wt=json&command=full-import&_=1672671220225&verbose=false} status=0 QTime=3
2023-01-02 15:05:21.641 INFO  (Thread-23) [   ] o.a.s.h.d.DataImporter Starting Full Import
2023-01-02 15:05:21.646 INFO  (Thread-23) [   ] o.a.s.h.d.SimplePropertiesWriter Read dataimport.properties
2023-01-02 15:05:21.649 INFO  (Thread-23) [   ] o.a.s.h.d.JdbcDataSource Creating a connection for entity task with URL: jdbc:mysql://172.25.197.100:3700/management
2023-01-02 15:05:21.656 INFO  (qtp1350751778-23) [   x:management3] o.a.s.c.S.Request [management3]  webapp=/solr path=/dataimport params={indent=on&wt=json&command=status&_=1672671220225} status=0 QTime=1
2023-01-02 15:05:21.691 INFO  (Thread-23) [   ] o.a.s.h.d.JdbcDataSource Time taken for getConnection(): 41
2023-01-02 15:05:21.799 INFO  (Thread-23) [   ] o.a.s.h.d.DocBuilder Import completed successfully
2023-01-02 15:05:21.861 INFO  (searcherExecutor-15-thread-1) [   ] o.a.s.c.QuerySenderListener QuerySenderListener done.
2023-01-02 15:05:21.870 INFO  (searcherExecutor-15-thread-1) [   ] o.a.s.c.SolrCore [management3]  Registered new searcher autowarm time: 0 ms
2023-01-02 15:05:21.877 INFO  (Thread-23) [   ] o.a.s.h.d.SimplePropertiesWriter Read dataimport.properties
2023-01-02 15:05:21.878 INFO  (Thread-23) [   ] o.a.s.h.d.SimplePropertiesWriter Wrote last indexed time to dataimport.properties
2023-01-02 15:05:21.878 INFO  (Thread-23) [   ] o.a.s.h.d.DocBuilder Time taken = 0:0:0.231
2023-01-02 15:05:21.880 INFO  (Thread-23) [   ] o.a.s.u.p.LogUpdateProcessorFactory [management3]  webapp=/solr path=/dataimport params={core=management3&optimize=false&indent=on&commit=true&name=dataimport&clean=false&wt=json&command=full-import&_=1672671220225&verbose=false} status=0 QTime=3{add=[99 (1753923632966402048), 102 (1753923632970596352), 103 (1753923632971644928), 244 (1753923632972693504), 5047 (1753923632973742080), 5116 (1753923632974790656), 5190 (1753923632975839232), 5259 (1753923632976887808), 5260 (1753923632978984960), 5261 (1753923632980033536), ... (141 adds)],commit=} 0 242
2023-01-02 15:05:22.652 INFO  (qtp1350751778-49) [   x:management3] o.a.s.c.S.Request [management3]  webapp=/solr path=/dataimport params={indent=on&wt=json&command=status&_=1672671220225} status=0 QTime=1
2023-01-02 15:05:23.806 INFO  (qtp1350751778-23) [   x:management3] o.a.s.h.d.DataImporter Loading DIH Configuration: db-data-config.xml
2023-01-02 15:05:23.808 INFO  (qtp1350751778-23) [   x:management3] o.a.s.h.d.DataImporter Data Configuration loaded successfully
2023-01-02 15:05:23.809 INFO  (qtp1350751778-23) [   x:management3] o.a.s.c.S.Request [management3]  webapp=/solr path=/dataimport params={core=management3&optimize=false&indent=on&commit=true&name=dataimport&clean=false&wt=json&command=full-import&_=1672671220225&verbose=false} status=0 QTime=3
2023-01-02 15:05:23.809 INFO  (Thread-24) [   ] o.a.s.h.d.DataImporter Starting Full Import
2023-01-02 15:05:23.816 INFO  (Thread-24) [   ] o.a.s.h.d.SimplePropertiesWriter Read dataimport.properties
2023-01-02 15:05:23.819 INFO  (Thread-24) [   ] o.a.s.h.d.JdbcDataSource Creating a connection for entity task with URL: jdbc:mysql://172.25.197.100:3700/management
2023-01-02 15:05:23.822 INFO  (qtp1350751778-49) [   x:management3] o.a.s.c.S.Request [management3]  webapp=/solr path=/dataimport params={indent=on&wt=json&command=status&_=1672671220225} status=0 QTime=1
2023-01-02 15:05:23.856 INFO  (Thread-24) [   ] o.a.s.h.d.JdbcDataSource Time taken for getConnection(): 36
2023-01-02 15:05:23.949 INFO  (Thread-24) [   ] o.a.s.h.d.DocBuilder Import completed successfully
2023-01-02 15:05:24.004 INFO  (searcherExecutor-15-thread-1) [   ] o.a.s.c.QuerySenderListener QuerySenderListener done.
2023-01-02 15:05:24.007 INFO  (searcherExecutor-15-thread-1) [   ] o.a.s.c.SolrCore [management3]  Registered new searcher autowarm time: 0 ms
2023-01-02 15:05:24.012 INFO  (Thread-24) [   ] o.a.s.h.d.SimplePropertiesWriter Read dataimport.properties
2023-01-02 15:05:24.013 INFO  (Thread-24) [   ] o.a.s.h.d.SimplePropertiesWriter Wrote last indexed time to dataimport.properties
2023-01-02 15:05:24.013 INFO  (Thread-24) [   ] o.a.s.h.d.DocBuilder Time taken = 0:0:0.196
2023-01-02 15:05:24.013 INFO  (Thread-24) [   ] o.a.s.u.p.LogUpdateProcessorFactory [management3]  webapp=/solr path=/dataimport params={core=management3&optimize=false&indent=on&commit=true&name=dataimport&clean=false&wt=json&command=full-import&_=1672671220225&verbose=false} status=0 QTime=3{add=[99 (1753923635238666240), 102 (1753923635240763392), 103 (1753923635240763393), 244 (1753923635241811968), 5047 (1753923635242860544), 5116 (1753923635242860545), 5190 (1753923635243909120), 5259 (1753923635244957696), 5260 (1753923635244957697), 5261 (1753923635246006272), ... (141 adds)],commit=} 0 207
2023-01-02 15:05:24.083 INFO  (qtp1350751778-23) [   x:management3] o.a.s.c.S.Request [management3]  webapp=/solr path=/dataimport params={indent=on&wt=json&command=status&_=1672671220225} status=0 QTime=0
2023-01-02 15:05:24.537 INFO  (qtp1350751778-49) [   x:management3] o.a.s.h.d.DataImporter Loading DIH Configuration: db-data-config.xml
2023-01-02 15:05:24.539 INFO  (qtp1350751778-49) [   x:management3] o.a.s.h.d.DataImporter Data Configuration loaded successfully
2023-01-02 15:05:24.539 INFO  (qtp1350751778-49) [   x:management3] o.a.s.c.S.Request [management3]  webapp=/solr path=/dataimport params={core=management3&optimize=false&indent=on&commit=true&name=dataimport&clean=false&wt=json&command=full-import&_=1672671220225&verbose=false} status=0 QTime=2
2023-01-02 15:05:24.539 INFO  (Thread-25) [   ] o.a.s.h.d.DataImporter Starting Full Import
2023-01-02 15:05:24.548 INFO  (Thread-25) [   ] o.a.s.h.d.SimplePropertiesWriter Read dataimport.properties
2023-01-02 15:05:24.551 INFO  (Thread-25) [   ] o.a.s.h.d.JdbcDataSource Creating a connection for entity task with URL: jdbc:mysql://172.25.197.100:3700/management
2023-01-02 15:05:24.552 INFO  (qtp1350751778-23) [   x:management3] o.a.s.c.S.Request [management3]  webapp=/solr path=/dataimport params={indent=on&wt=json&command=status&_=1672671220225} status=0 QTime=1
2023-01-02 15:05:24.588 INFO  (Thread-25) [   ] o.a.s.h.d.JdbcDataSource Time taken for getConnection(): 37
2023-01-02 15:05:24.651 INFO  (Thread-25) [   ] o.a.s.h.d.DocBuilder Import completed successfully
2023-01-02 15:05:24.711 INFO  (searcherExecutor-15-thread-1) [   ] o.a.s.c.QuerySenderListener QuerySenderListener done.
2023-01-02 15:05:24.714 INFO  (searcherExecutor-15-thread-1) [   ] o.a.s.c.SolrCore [management3]  Registered new searcher autowarm time: 0 ms
2023-01-02 15:05:24.719 INFO  (Thread-25) [   ] o.a.s.h.d.SimplePropertiesWriter Read dataimport.properties
2023-01-02 15:05:24.719 INFO  (Thread-25) [   ] o.a.s.h.d.SimplePropertiesWriter Wrote last indexed time to dataimport.properties
2023-01-02 15:05:24.719 INFO  (Thread-25) [   ] o.a.s.h.d.DocBuilder Time taken = 0:0:0.170
2023-01-02 15:05:24.719 INFO  (Thread-25) [   ] o.a.s.u.p.LogUpdateProcessorFactory [management3]  webapp=/solr path=/dataimport params={core=management3&optimize=false&indent=on&commit=true&name=dataimport&clean=false&wt=json&command=full-import&_=1672671220225&verbose=false} status=0 QTime=2{add=[99 (1753923636005175296), 102 (1753923636009369600), 103 (1753923636009369601), 244 (1753923636009369602), 5047 (1753923636010418176), 5116 (1753923636010418177), 5190 (1753923636011466752), 5259 (1753923636011466753), 5260 (1753923636012515328), 5261 (1753923636013563904), ... (141 adds)],commit=} 0 183
2023-01-02 15:05:24.861 INFO  (qtp1350751778-49) [   x:management3] o.a.s.c.S.Request [management3]  webapp=/solr path=/dataimport params={indent=on&wt=json&command=status&_=1672671220225} status=0 QTime=0
2023-01-02 15:05:25.250 INFO  (qtp1350751778-23) [   x:management3] o.a.s.h.d.DataImporter Loading DIH Configuration: db-data-config.xml
2023-01-02 15:05:25.253 INFO  (qtp1350751778-23) [   x:management3] o.a.s.h.d.DataImporter Data Configuration loaded successfully
2023-01-02 15:05:25.254 INFO  (Thread-26) [   ] o.a.s.h.d.DataImporter Starting Full Import
2023-01-02 15:05:25.254 INFO  (qtp1350751778-23) [   x:management3] o.a.s.c.S.Request [management3]  webapp=/solr path=/dataimport params={core=management3&optimize=false&indent=on&commit=true&name=dataimport&clean=false&wt=json&command=full-import&_=1672671220225&verbose=false} status=0 QTime=3
2023-01-02 15:05:25.260 INFO  (Thread-26) [   ] o.a.s.h.d.SimplePropertiesWriter Read dataimport.properties
2023-01-02 15:05:25.263 INFO  (Thread-26) [   ] o.a.s.h.d.JdbcDataSource Creating a connection for entity task with URL: jdbc:mysql://172.25.197.100:3700/management
2023-01-02 15:05:25.270 INFO  (qtp1350751778-49) [   x:management3] o.a.s.c.S.Request [management3]  webapp=/solr path=/dataimport params={indent=on&wt=json&command=status&_=1672671220225} status=0 QTime=1
2023-01-02 15:05:25.303 INFO  (Thread-26) [   ] o.a.s.h.d.JdbcDataSource Time taken for getConnection(): 39
2023-01-02 15:05:25.376 INFO  (Thread-26) [   ] o.a.s.h.d.DocBuilder Import completed successfully
2023-01-02 15:05:25.429 INFO  (searcherExecutor-15-thread-1) [   ] o.a.s.c.QuerySenderListener QuerySenderListener done.
2023-01-02 15:05:25.433 INFO  (searcherExecutor-15-thread-1) [   ] o.a.s.c.SolrCore [management3]  Registered new searcher autowarm time: 0 ms
2023-01-02 15:05:25.437 INFO  (Thread-26) [   ] o.a.s.h.d.SimplePropertiesWriter Read dataimport.properties
2023-01-02 15:05:25.437 INFO  (Thread-26) [   ] o.a.s.h.d.SimplePropertiesWriter Wrote last indexed time to dataimport.properties
2023-01-02 15:05:25.438 INFO  (Thread-26) [   ] o.a.s.h.d.DocBuilder Time taken = 0:0:0.177
2023-01-02 15:05:25.438 INFO  (Thread-26) [   ] o.a.s.u.p.LogUpdateProcessorFactory [management3]  webapp=/solr path=/dataimport params={core=management3&optimize=false&indent=on&commit=true&name=dataimport&clean=false&wt=json&command=full-import&_=1672671220225&verbose=false} status=0 QTime=3{add=[99 (1753923636752809984), 102 (1753923636754907136), 103 (1753923636755955712), 244 (1753923636755955713), 5047 (1753923636757004288), 5116 (1753923636757004289), 5190 (1753923636758052864), 5259 (1753923636758052865), 5260 (1753923636759101440), 5261 (1753923636759101441), ... (141 adds)],commit=} 0 187
2023-01-02 15:05:25.765 INFO  (qtp1350751778-23) [   x:management3] o.a.s.c.S.Request [management3]  webapp=/solr path=/dataimport params={indent=on&wt=json&command=status&_=1672671220225} status=0 QTime=0
2023-01-02 15:07:20.067 INFO  (qtp1350751778-49) [   ] o.a.s.s.HttpSolrCall [admin] webapp=null path=/admin/cores params={indexInfo=false&wt=json&_=1672671220143} status=0 QTime=0
2023-01-02 15:07:20.073 INFO  (qtp1350751778-25) [   ] o.a.s.s.HttpSolrCall [admin] webapp=null path=/admin/info/logging params={wt=json&_=1672672040057&since=0} status=0 QTime=3
2023-01-02 15:07:20.083 INFO  (qtp1350751778-17) [   ] o.a.s.s.HttpSolrCall [admin] webapp=null path=/admin/info/system params={wt=json&_=1672671220143} status=0 QTime=12
2023-01-02 15:07:20.879 INFO  (qtp1350751778-17) [   ] o.a.s.s.HttpSolrCall [admin] webapp=null path=/admin/cores params={indexInfo=false&wt=json&_=1672671220143} status=0 QTime=0
2023-01-02 15:07:20.886 INFO  (qtp1350751778-20) [   ] o.a.s.s.HttpSolrCall [admin] webapp=null path=/admin/info/system params={wt=json&_=1672671220143} status=0 QTime=6
2023-01-02 15:07:20.886 INFO  (qtp1350751778-23) [   ] o.a.s.s.HttpSolrCall [admin] webapp=null path=/admin/info/logging params={wt=json&_=1672672040057} status=0 QTime=7
2023-01-02 15:07:23.046 INFO  (qtp1350751778-49) [   ] o.a.s.s.HttpSolrCall [admin] webapp=null path=/admin/cores params={indexInfo=false&wt=json&_=1672671220143} status=0 QTime=0
2023-01-02 15:07:23.055 INFO  (qtp1350751778-25) [   ] o.a.s.s.HttpSolrCall [admin] webapp=null path=/admin/info/system params={wt=json&_=1672671220143} status=0 QTime=8
2023-01-02 15:07:23.071 INFO  (qtp1350751778-23) [   ] o.a.s.s.HttpSolrCall [admin] webapp=null path=/admin/info/system params={wt=json&_=1672671220143} status=0 QTime=8
2023-01-02 15:07:23.494 INFO  (qtp1350751778-21) [   ] o.a.s.s.HttpSolrCall [admin] webapp=null path=/admin/info/logging params={wt=json&_=1672672040057&since=0} status=0 QTime=0
2023-01-02 15:07:23.494 INFO  (qtp1350751778-25) [   ] o.a.s.s.HttpSolrCall [admin] webapp=null path=/admin/cores params={indexInfo=false&wt=json&_=1672671220143} status=0 QTime=0
2023-01-02 15:07:23.505 INFO  (qtp1350751778-20) [   ] o.a.s.s.HttpSolrCall [admin] webapp=null path=/admin/info/system params={wt=json&_=1672671220143} status=0 QTime=11
2023-01-02 15:07:23.975 INFO  (qtp1350751778-17) [   ] o.a.s.s.HttpSolrCall [admin] webapp=null path=/admin/cores params={indexInfo=false&wt=json&_=1672671220143} status=0 QTime=0
2023-01-02 15:07:23.983 INFO  (qtp1350751778-23) [   ] o.a.s.s.HttpSolrCall [admin] webapp=null path=/admin/info/system params={wt=json&_=1672671220143} status=0 QTime=8
2023-01-02 15:07:23.996 INFO  (qtp1350751778-20) [   ] o.a.s.s.HttpSolrCall [admin] webapp=null path=/admin/info/system params={wt=json&_=1672671220143} status=0 QTime=8
2023-01-02 15:07:25.138 INFO  (qtp1350751778-23) [   ] o.a.s.s.HttpSolrCall [admin] webapp=null path=/admin/cores params={indexInfo=false&wt=json&_=1672671220143} status=0 QTime=0
2023-01-02 15:07:25.145 INFO  (qtp1350751778-21) [   ] o.a.s.s.HttpSolrCall [admin] webapp=null path=/admin/info/system params={wt=json&_=1672671220143} status=0 QTime=7
2023-01-02 15:07:25.150 INFO  (qtp1350751778-20) [   x:management3] o.a.s.c.S.Request [management3]  webapp=/solr path=/admin/ping params={action=status&wt=json&_=1672671220143&ts=1672671220143} status=503 QTime=2
2023-01-02 15:07:25.158 INFO  (qtp1350751778-41) [   x:management3] o.a.s.c.S.Request [management3]  webapp=/solr path=/replication params={wt=json&command=details&_=1672672045130} status=0 QTime=5
2023-01-02 15:07:25.160 INFO  (qtp1350751778-49) [   x:management3] o.a.s.c.S.Request [management3]  webapp=/solr path=/admin/luke params={numTerms=0&show=index&wt=json&_=1672672045130} status=0 QTime=21
2023-01-02 15:07:25.174 INFO  (qtp1350751778-44) [   x:management3] o.a.s.c.S.Request [management3]  webapp=/solr path=/admin/system params={wt=json&_=1672672045130} status=0 QTime=17
2023-01-02 15:07:26.084 INFO  (qtp1350751778-20) [   ] o.a.s.s.HttpSolrCall [admin] webapp=null path=/admin/cores params={indexInfo=false&wt=json&_=1672671220143} status=0 QTime=0
2023-01-02 15:07:26.092 INFO  (qtp1350751778-25) [   ] o.a.s.s.HttpSolrCall [admin] webapp=null path=/admin/info/system params={wt=json&_=1672671220143} status=0 QTime=9
2023-01-02 15:07:26.099 INFO  (qtp1350751778-21) [   x:management3] o.a.s.c.S.Request [management3]  webapp=/solr path=/admin/luke params={show=schema&wt=json&_=1672672045130} status=0 QTime=14
2023-01-02 15:07:26.464 INFO  (qtp1350751778-41) [   ] o.a.s.s.HttpSolrCall [admin] webapp=null path=/admin/cores params={indexInfo=false&wt=json&_=1672671220143} status=0 QTime=0
2023-01-02 15:07:26.465 INFO  (qtp1350751778-44) [   x:management3] o.a.s.c.S.Request [management3]  webapp=/solr path=/admin/mbeans params={cat=QUERY&wt=json&_=1672671220225} status=0 QTime=1
2023-01-02 15:07:26.470 INFO  (qtp1350751778-49) [   ] o.a.s.s.HttpSolrCall [admin] webapp=null path=/admin/info/system params={wt=json&_=1672671220143} status=0 QTime=6
2023-01-02 15:07:26.501 INFO  (qtp1350751778-20) [   ] o.a.s.s.HttpSolrCall [admin] webapp=null path=/admin/cores params={indexInfo=false&wt=json&_=1672671220143} status=0 QTime=0
2023-01-02 15:07:26.512 INFO  (qtp1350751778-21) [   x:management3] o.a.s.c.S.Request [management3]  webapp=/solr path=/admin/mbeans params={cat=QUERY&wt=json&_=1672671220225} status=0 QTime=0
2023-01-02 15:07:26.512 INFO  (qtp1350751778-23) [   x:management3] o.a.s.c.S.Request [management3]  webapp=/solr path=/dataimport params={indent=on&wt=json&command=show-config&_=1672671220225} status=0 QTime=0
2023-01-02 15:07:26.521 INFO  (qtp1350751778-25) [   ] o.a.s.s.HttpSolrCall [admin] webapp=null path=/admin/info/system params={wt=json&_=1672671220143} status=0 QTime=13
2023-01-02 15:07:26.542 INFO  (qtp1350751778-20) [   x:management3] o.a.s.c.S.Request [management3]  webapp=/solr path=/dataimport params={indent=on&wt=json&command=status&_=1672671220225} status=0 QTime=0
2023-01-02 15:07:45.546 INFO  (qtp1350751778-25) [   x:management3] o.a.s.h.d.DataImporter Loading DIH Configuration: db-data-config.xml
2023-01-02 15:07:45.548 INFO  (qtp1350751778-25) [   x:management3] o.a.s.h.d.DataImporter Data Configuration loaded successfully
2023-01-02 15:07:45.549 INFO  (qtp1350751778-25) [   x:management3] o.a.s.c.S.Request [management3]  webapp=/solr path=/dataimport params={core=management3&indent=on&commit=true&name=dataimport&clean=false&wt=json&command=delta-import&_=1672671220225&verbose=false} status=0 QTime=3
2023-01-02 15:07:45.549 INFO  (Thread-29) [   ] o.a.s.h.d.DataImporter Starting Delta Import
2023-01-02 15:07:45.555 INFO  (Thread-29) [   ] o.a.s.h.d.SimplePropertiesWriter Read dataimport.properties
2023-01-02 15:07:45.557 INFO  (Thread-29) [   ] o.a.s.h.d.DocBuilder Starting delta collection.
2023-01-02 15:07:45.557 INFO  (Thread-29) [   ] o.a.s.h.d.DocBuilder Running ModifiedRowKey() for Entity: task
2023-01-02 15:07:45.557 INFO  (Thread-29) [   ] o.a.s.h.d.JdbcDataSource Creating a connection for entity task with URL: jdbc:mysql://172.25.197.100:3700/management
2023-01-02 15:07:45.566 INFO  (qtp1350751778-20) [   x:management3] o.a.s.c.S.Request [management3]  webapp=/solr path=/dataimport params={indent=on&wt=json&command=status&_=1672671220225} status=0 QTime=1
2023-01-02 15:07:45.610 INFO  (Thread-29) [   ] o.a.s.h.d.JdbcDataSource Time taken for getConnection(): 52
2023-01-02 15:07:45.620 INFO  (Thread-29) [   ] o.a.s.h.d.DocBuilder Completed ModifiedRowKey for Entity: task rows obtained: 0
2023-01-02 15:07:45.620 INFO  (Thread-29) [   ] o.a.s.h.d.DocBuilder Completed DeletedRowKey for Entity: task rows obtained : 1
2023-01-02 15:07:45.620 INFO  (Thread-29) [   ] o.a.s.h.d.DocBuilder Completed parentDeltaQuery for Entity: task
2023-01-02 15:07:45.620 INFO  (Thread-29) [   ] o.a.s.h.d.DocBuilder Deleting stale documents 
2023-01-02 15:07:45.621 INFO  (Thread-29) [   ] o.a.s.h.d.SolrWriter Deleting document: 5047
2023-01-02 15:07:45.626 INFO  (Thread-29) [   ] o.a.s.h.d.DocBuilder Delta Import completed successfully
2023-01-02 15:07:45.626 INFO  (Thread-29) [   ] o.a.s.h.d.DocBuilder Import completed successfully
2023-01-02 15:07:45.648 INFO  (searcherExecutor-15-thread-1) [   ] o.a.s.c.QuerySenderListener QuerySenderListener done.
2023-01-02 15:07:45.651 INFO  (searcherExecutor-15-thread-1) [   ] o.a.s.c.SolrCore [management3]  Registered new searcher autowarm time: 0 ms
2023-01-02 15:07:45.652 INFO  (Thread-29) [   ] o.a.s.h.d.SimplePropertiesWriter Read dataimport.properties
2023-01-02 15:07:45.653 INFO  (Thread-29) [   ] o.a.s.h.d.SimplePropertiesWriter Wrote last indexed time to dataimport.properties
2023-01-02 15:07:45.653 INFO  (Thread-29) [   ] o.a.s.h.d.DocBuilder Time taken = 0:0:0.97
2023-01-02 15:07:45.653 INFO  (Thread-29) [   ] o.a.s.u.p.LogUpdateProcessorFactory [management3]  webapp=/solr path=/dataimport params={core=management3&indent=on&commit=true&name=dataimport&clean=false&wt=json&command=delta-import&_=1672671220225&verbose=false} status=0 QTime=3{delete=[5047 (-1753923783883751424)],commit=} 0 107
2023-01-02 15:07:49.365 INFO  (qtp1350751778-25) [   x:management3] o.a.s.c.S.Request [management3]  webapp=/solr path=/dataimport params={indent=on&wt=json&command=status&_=1672671220225} status=0 QTime=0
2023-01-02 15:08:12.284 INFO  (qtp1350751778-44) [   ] o.a.s.s.HttpSolrCall [admin] webapp=null path=/admin/cores params={indexInfo=false&wt=json&_=1672672092196} status=0 QTime=0
2023-01-02 15:08:12.289 INFO  (qtp1350751778-23) [   x:management3] o.a.s.c.S.Request [management3]  webapp=/solr path=/admin/mbeans params={cat=QUERY&wt=json&_=1672672092269} status=0 QTime=0
2023-01-02 15:08:12.292 INFO  (qtp1350751778-21) [   ] o.a.s.s.HttpSolrCall [admin] webapp=null path=/admin/info/system params={wt=json&_=1672672092197} status=0 QTime=6
2023-01-02 15:08:12.298 INFO  (qtp1350751778-59) [   x:management3] o.a.s.c.S.Request [management3]  webapp=/solr path=/dataimport params={indent=on&wt=json&command=show-config&_=1672672092270} status=0 QTime=0
2023-01-02 15:08:12.322 INFO  (qtp1350751778-59) [   x:management3] o.a.s.c.S.Request [management3]  webapp=/solr path=/dataimport params={indent=on&wt=json&command=status&_=1672672092270} status=0 QTime=0
2023-01-02 15:08:15.604 INFO  (qtp1350751778-49) [   x:management3] o.a.s.h.d.DataImporter Loading DIH Configuration: db-data-config.xml
2023-01-02 15:08:15.606 INFO  (qtp1350751778-49) [   x:management3] o.a.s.h.d.DataImporter Data Configuration loaded successfully
2023-01-02 15:08:15.607 INFO  (Thread-33) [   ] o.a.s.h.d.DataImporter Starting Full Import
2023-01-02 15:08:15.607 INFO  (qtp1350751778-49) [   x:management3] o.a.s.c.S.Request [management3]  webapp=/solr path=/dataimport params={core=management3&indent=on&commit=true&name=dataimport&clean=false&wt=json&command=full-import&_=1672672092270&verbose=false} status=0 QTime=3
2023-01-02 15:08:15.612 INFO  (Thread-33) [   ] o.a.s.h.d.SimplePropertiesWriter Read dataimport.properties
2023-01-02 15:08:15.614 INFO  (Thread-33) [   ] o.a.s.h.d.JdbcDataSource Creating a connection for entity task with URL: jdbc:mysql://172.25.197.100:3700/management
2023-01-02 15:08:15.623 INFO  (qtp1350751778-17) [   x:management3] o.a.s.c.S.Request [management3]  webapp=/solr path=/dataimport params={indent=on&wt=json&command=status&_=1672672092270} status=0 QTime=1
2023-01-02 15:08:15.657 INFO  (Thread-33) [   ] o.a.s.h.d.JdbcDataSource Time taken for getConnection(): 42
2023-01-02 15:08:15.711 INFO  (Thread-33) [   ] o.a.s.h.d.DocBuilder Import completed successfully
2023-01-02 15:08:15.771 INFO  (searcherExecutor-15-thread-1) [   ] o.a.s.c.QuerySenderListener QuerySenderListener done.
2023-01-02 15:08:15.777 INFO  (searcherExecutor-15-thread-1) [   ] o.a.s.c.SolrCore [management3]  Registered new searcher autowarm time: 0 ms
2023-01-02 15:08:15.780 INFO  (Thread-33) [   ] o.a.s.h.d.SimplePropertiesWriter Read dataimport.properties
2023-01-02 15:08:15.781 INFO  (Thread-33) [   ] o.a.s.h.d.SimplePropertiesWriter Wrote last indexed time to dataimport.properties
2023-01-02 15:08:15.781 INFO  (Thread-33) [   ] o.a.s.h.d.DocBuilder Time taken = 0:0:0.169
2023-01-02 15:08:15.781 INFO  (Thread-33) [   ] o.a.s.u.p.LogUpdateProcessorFactory [management3]  webapp=/solr path=/dataimport params={core=management3&indent=on&commit=true&name=dataimport&clean=false&wt=json&command=full-import&_=1672672092270&verbose=false} status=0 QTime=3{add=[99 (1753923815382974464), 102 (1753923815385071616), 103 (1753923815385071617), 244 (1753923815386120192), 5047 (1753923815387168768), 5116 (1753923815388217344), 5190 (1753923815389265920), 5259 (1753923815390314496), 5260 (1753923815391363072), 5261 (1753923815391363073), ... (141 adds)],commit=} 0 177
2023-01-02 15:08:22.924 INFO  (qtp1350751778-49) [   x:management3] o.a.s.c.S.Request [management3]  webapp=/solr path=/select params={q=*:*&indent=true&q.op=OR&fq=id:5047&_=1672668736379} hits=1 status=0 QTime=2
2023-01-02 15:08:26.933 INFO  (qtp1350751778-49) [   ] o.a.s.s.HttpSolrCall [admin] webapp=null path=/admin/cores params={indexInfo=false&wt=json&_=1672672106878} status=0 QTime=0
2023-01-02 15:08:26.935 INFO  (qtp1350751778-20) [   x:management3] o.a.s.c.S.Request [management3]  webapp=/solr path=/admin/mbeans params={cat=QUERY&wt=json&_=1672672106921} status=0 QTime=0
2023-01-02 15:08:26.940 INFO  (qtp1350751778-21) [   ] o.a.s.s.HttpSolrCall [admin] webapp=null path=/admin/info/system params={wt=json&_=1672672106878} status=0 QTime=7
2023-01-02 15:08:26.966 INFO  (qtp1350751778-60) [   ] o.a.s.s.HttpSolrCall [admin] webapp=null path=/admin/cores params={indexInfo=false&wt=json&_=1672672106878} status=0 QTime=0
2023-01-02 15:08:26.967 INFO  (qtp1350751778-17) [   x:management3] o.a.s.c.S.Request [management3]  webapp=/solr path=/admin/mbeans params={cat=QUERY&wt=json&_=1672672106921} status=0 QTime=0
2023-01-02 15:08:26.968 INFO  (qtp1350751778-23) [   x:management3] o.a.s.c.S.Request [management3]  webapp=/solr path=/dataimport params={indent=on&wt=json&command=show-config&_=1672672106922} status=0 QTime=0
2023-01-02 15:08:26.974 INFO  (qtp1350751778-44) [   ] o.a.s.s.HttpSolrCall [admin] webapp=null path=/admin/info/system params={wt=json&_=1672672106878} status=0 QTime=7
2023-01-02 15:08:26.995 INFO  (qtp1350751778-20) [   x:management3] o.a.s.c.S.Request [management3]  webapp=/solr path=/dataimport params={indent=on&wt=json&command=status&_=1672672106922} status=0 QTime=0
2023-01-02 15:08:31.083 INFO  (qtp1350751778-44) [   x:management3] o.a.s.h.d.DataImporter Loading DIH Configuration: db-data-config.xml
2023-01-02 15:08:31.084 INFO  (qtp1350751778-44) [   x:management3] o.a.s.h.d.DataImporter Data Configuration loaded successfully
2023-01-02 15:08:31.085 INFO  (qtp1350751778-44) [   x:management3] o.a.s.c.S.Request [management3]  webapp=/solr path=/dataimport params={core=management3&indent=on&commit=true&name=dataimport&clean=false&wt=json&command=full-import&_=1672672106922&verbose=false} status=0 QTime=2
2023-01-02 15:08:31.085 INFO  (Thread-34) [   ] o.a.s.h.d.DataImporter Starting Full Import
2023-01-02 15:08:31.089 INFO  (Thread-34) [   ] o.a.s.h.d.SimplePropertiesWriter Read dataimport.properties
2023-01-02 15:08:31.091 INFO  (Thread-34) [   ] o.a.s.h.d.JdbcDataSource Creating a connection for entity task with URL: jdbc:mysql://172.25.197.100:3700/management
2023-01-02 15:08:31.100 INFO  (qtp1350751778-49) [   x:management3] o.a.s.c.S.Request [management3]  webapp=/solr path=/dataimport params={indent=on&wt=json&command=status&_=1672672106922} status=0 QTime=1
2023-01-02 15:08:31.133 INFO  (Thread-34) [   ] o.a.s.h.d.JdbcDataSource Time taken for getConnection(): 41
2023-01-02 15:08:31.187 INFO  (Thread-34) [   ] o.a.s.h.d.DocBuilder Import completed successfully
2023-01-02 15:08:31.230 INFO  (searcherExecutor-15-thread-1) [   ] o.a.s.c.QuerySenderListener QuerySenderListener done.
2023-01-02 15:08:31.235 INFO  (searcherExecutor-15-thread-1) [   ] o.a.s.c.SolrCore [management3]  Registered new searcher autowarm time: 0 ms
2023-01-02 15:08:31.240 INFO  (Thread-34) [   ] o.a.s.h.d.SimplePropertiesWriter Read dataimport.properties
2023-01-02 15:08:31.240 INFO  (Thread-34) [   ] o.a.s.h.d.SimplePropertiesWriter Wrote last indexed time to dataimport.properties
2023-01-02 15:08:31.241 INFO  (Thread-34) [   ] o.a.s.h.d.DocBuilder Time taken = 0:0:0.150
2023-01-02 15:08:31.241 INFO  (Thread-34) [   ] o.a.s.u.p.LogUpdateProcessorFactory [management3]  webapp=/solr path=/dataimport params={core=management3&indent=on&commit=true&name=dataimport&clean=false&wt=json&command=full-import&_=1672672106922&verbose=false} status=0 QTime=2{add=[99 (1753923831611785216), 102 (1753923831614930944), 103 (1753923831615979520), 244 (1753923831615979521), 5047 (1753923831617028096), 5116 (1753923831617028097), 5190 (1753923831617028098), 5259 (1753923831617028099), 5260 (1753923831618076672), 5261 (1753923831618076673), ... (141 adds)],commit=} 0 158
2023-01-02 15:08:37.067 INFO  (qtp1350751778-44) [   x:management3] o.a.s.c.S.Request [management3]  webapp=/solr path=/select params={q=*:*&indent=true&q.op=OR&fq=id:5047&_=1672668736379} hits=1 status=0 QTime=1
2023-01-02 15:08:38.554 INFO  (qtp1350751778-44) [   ] o.a.s.s.HttpSolrCall [admin] webapp=null path=/admin/cores params={indexInfo=false&wt=json&_=1672672118452} status=0 QTime=0
2023-01-02 15:08:38.557 INFO  (qtp1350751778-17) [   x:management3] o.a.s.c.S.Request [management3]  webapp=/solr path=/select params={q=*:*&indent=true&q.op=OR&fq=id:5047&_=1672672118530} hits=1 status=0 QTime=0
2023-01-02 15:08:38.561 INFO  (qtp1350751778-49) [   ] o.a.s.s.HttpSolrCall [admin] webapp=null path=/admin/info/system params={wt=json&_=1672672118452} status=0 QTime=6
2023-01-02 15:08:39.959 INFO  (qtp1350751778-44) [   x:management3] o.a.s.c.S.Request [management3]  webapp=/solr path=/select params={q=*:*&indent=true&q.op=OR&fq=id:5047&_=1672672118530} hits=1 status=0 QTime=0
2023-01-02 15:08:58.544 INFO  (qtp1350751778-23) [   x:management3] o.a.s.c.S.Request [management3]  webapp=/solr path=/select params={q=*:*&indent=true&q.op=OR&fq=id:5047&_=1672672118530} hits=1 status=0 QTime=0
2023-01-02 15:09:25.257 INFO  (qtp1350751778-44) [   x:management3] o.a.s.h.d.DataImporter Loading DIH Configuration: db-data-config.xml
2023-01-02 15:09:25.258 INFO  (qtp1350751778-44) [   x:management3] o.a.s.h.d.DataImporter Data Configuration loaded successfully
2023-01-02 15:09:25.259 INFO  (Thread-35) [   ] o.a.s.h.d.DataImporter Starting Delta Import
2023-01-02 15:09:25.259 INFO  (qtp1350751778-44) [   x:management3] o.a.s.c.S.Request [management3]  webapp=/solr path=/dataimport params={core=management3&indent=on&commit=true&name=dataimport&clean=false&wt=json&command=delta-import&_=1672672106922&verbose=false} status=0 QTime=2
2023-01-02 15:09:25.264 INFO  (Thread-35) [   ] o.a.s.h.d.SimplePropertiesWriter Read dataimport.properties
2023-01-02 15:09:25.265 INFO  (Thread-35) [   ] o.a.s.h.d.DocBuilder Starting delta collection.
2023-01-02 15:09:25.265 INFO  (Thread-35) [   ] o.a.s.h.d.DocBuilder Running ModifiedRowKey() for Entity: task
2023-01-02 15:09:25.266 INFO  (Thread-35) [   ] o.a.s.h.d.JdbcDataSource Creating a connection for entity task with URL: jdbc:mysql://172.25.197.100:3700/management
2023-01-02 15:09:25.275 INFO  (qtp1350751778-23) [   x:management3] o.a.s.c.S.Request [management3]  webapp=/solr path=/dataimport params={indent=on&wt=json&command=status&_=1672672106922} status=0 QTime=1
2023-01-02 15:09:25.307 INFO  (Thread-35) [   ] o.a.s.h.d.JdbcDataSource Time taken for getConnection(): 41
2023-01-02 15:09:25.320 INFO  (Thread-35) [   ] o.a.s.h.d.DocBuilder Completed ModifiedRowKey for Entity: task rows obtained: 0
2023-01-02 15:09:25.320 INFO  (Thread-35) [   ] o.a.s.h.d.DocBuilder Completed DeletedRowKey for Entity: task rows obtained : 1
2023-01-02 15:09:25.320 INFO  (Thread-35) [   ] o.a.s.h.d.DocBuilder Completed parentDeltaQuery for Entity: task
2023-01-02 15:09:25.320 INFO  (Thread-35) [   ] o.a.s.h.d.DocBuilder Deleting stale documents 
2023-01-02 15:09:25.320 INFO  (Thread-35) [   ] o.a.s.h.d.SolrWriter Deleting document: 5047
2023-01-02 15:09:25.322 INFO  (Thread-35) [   ] o.a.s.h.d.DocBuilder Delta Import completed successfully
2023-01-02 15:09:25.322 INFO  (Thread-35) [   ] o.a.s.h.d.DocBuilder Import completed successfully
2023-01-02 15:09:25.342 INFO  (searcherExecutor-15-thread-1) [   ] o.a.s.c.QuerySenderListener QuerySenderListener done.
2023-01-02 15:09:25.344 INFO  (searcherExecutor-15-thread-1) [   ] o.a.s.c.SolrCore [management3]  Registered new searcher autowarm time: 0 ms
2023-01-02 15:09:25.348 INFO  (Thread-35) [   ] o.a.s.h.d.SimplePropertiesWriter Read dataimport.properties
2023-01-02 15:09:25.348 INFO  (Thread-35) [   ] o.a.s.h.d.SimplePropertiesWriter Wrote last indexed time to dataimport.properties
2023-01-02 15:09:25.349 INFO  (Thread-35) [   ] o.a.s.h.d.DocBuilder Time taken = 0:0:0.84
2023-01-02 15:09:25.349 INFO  (Thread-35) [   ] o.a.s.u.p.LogUpdateProcessorFactory [management3]  webapp=/solr path=/dataimport params={core=management3&indent=on&commit=true&name=dataimport&clean=false&wt=json&command=delta-import&_=1672672106922&verbose=false} status=0 QTime=2{delete=[5047 (-1753923888423632896)],commit=} 0 92
2023-01-02 15:09:27.686 INFO  (qtp1350751778-44) [   x:management3] o.a.s.c.S.Request [management3]  webapp=/solr path=/dataimport params={indent=on&wt=json&command=status&_=1672672106922} status=0 QTime=0
2023-01-02 15:09:31.326 INFO  (qtp1350751778-23) [   x:management3] o.a.s.c.S.Request [management3]  webapp=/solr path=/select params={q=*:*&indent=true&q.op=OR&fq=id:5047&_=1672672118530} hits=0 status=0 QTime=0
2023-01-02 15:10:13.230 INFO  (qtp1350751778-44) [   x:management3] o.a.s.h.d.DataImporter Loading DIH Configuration: db-data-config.xml
2023-01-02 15:10:13.232 INFO  (qtp1350751778-44) [   x:management3] o.a.s.h.d.DataImporter Data Configuration loaded successfully
2023-01-02 15:10:13.233 INFO  (Thread-36) [   ] o.a.s.h.d.DataImporter Starting Delta Import
2023-01-02 15:10:13.233 INFO  (qtp1350751778-44) [   x:management3] o.a.s.c.S.Request [management3]  webapp=/solr path=/dataimport params={core=management3&indent=on&commit=true&name=dataimport&clean=false&wt=json&command=delta-import&_=1672672106922&verbose=false} status=0 QTime=4
2023-01-02 15:10:13.238 INFO  (Thread-36) [   ] o.a.s.h.d.SimplePropertiesWriter Read dataimport.properties
2023-01-02 15:10:13.239 INFO  (Thread-36) [   ] o.a.s.h.d.DocBuilder Starting delta collection.
2023-01-02 15:10:13.240 INFO  (Thread-36) [   ] o.a.s.h.d.DocBuilder Running ModifiedRowKey() for Entity: task
2023-01-02 15:10:13.240 INFO  (Thread-36) [   ] o.a.s.h.d.JdbcDataSource Creating a connection for entity task with URL: jdbc:mysql://172.25.197.100:3700/management
2023-01-02 15:10:13.249 INFO  (qtp1350751778-23) [   x:management3] o.a.s.c.S.Request [management3]  webapp=/solr path=/dataimport params={indent=on&wt=json&command=status&_=1672672106922} status=0 QTime=1
2023-01-02 15:10:13.286 INFO  (Thread-36) [   ] o.a.s.h.d.JdbcDataSource Time taken for getConnection(): 46
2023-01-02 15:10:13.294 INFO  (Thread-36) [   ] o.a.s.h.d.DocBuilder Completed ModifiedRowKey for Entity: task rows obtained: 0
2023-01-02 15:10:13.294 INFO  (Thread-36) [   ] o.a.s.h.d.DocBuilder Completed DeletedRowKey for Entity: task rows obtained : 1
2023-01-02 15:10:13.294 INFO  (Thread-36) [   ] o.a.s.h.d.DocBuilder Completed parentDeltaQuery for Entity: task
2023-01-02 15:10:13.294 INFO  (Thread-36) [   ] o.a.s.h.d.DocBuilder Deleting stale documents 
2023-01-02 15:10:13.294 INFO  (Thread-36) [   ] o.a.s.h.d.SolrWriter Deleting document: 5047
2023-01-02 15:10:13.296 INFO  (Thread-36) [   ] o.a.s.h.d.DocBuilder Delta Import completed successfully
2023-01-02 15:10:13.296 INFO  (Thread-36) [   ] o.a.s.h.d.DocBuilder Import completed successfully
2023-01-02 15:10:13.313 INFO  (searcherExecutor-15-thread-1) [   ] o.a.s.c.QuerySenderListener QuerySenderListener done.
2023-01-02 15:10:13.315 INFO  (searcherExecutor-15-thread-1) [   ] o.a.s.c.SolrCore [management3]  Registered new searcher autowarm time: 0 ms
2023-01-02 15:10:13.319 INFO  (Thread-36) [   ] o.a.s.h.d.SimplePropertiesWriter Read dataimport.properties
2023-01-02 15:10:13.320 INFO  (Thread-36) [   ] o.a.s.h.d.SimplePropertiesWriter Wrote last indexed time to dataimport.properties
2023-01-02 15:10:13.320 INFO  (Thread-36) [   ] o.a.s.h.d.DocBuilder Time taken = 0:0:0.82
2023-01-02 15:10:13.320 INFO  (Thread-36) [   ] o.a.s.u.p.LogUpdateProcessorFactory [management3]  webapp=/solr path=/dataimport params={core=management3&indent=on&commit=true&name=dataimport&clean=false&wt=json&command=delta-import&_=1672672106922&verbose=false} status=0 QTime=4{delete=[5047 (-1753923938726969344)],commit=} 0 91
2023-01-02 15:10:15.099 INFO  (qtp1350751778-59) [   x:management3] o.a.s.c.S.Request [management3]  webapp=/solr path=/dataimport params={indent=on&wt=json&command=status&_=1672672106922} status=0 QTime=0
2023-01-02 15:10:33.508 INFO  (qtp1350751778-23) [   x:management3] o.a.s.h.d.DataImporter Loading DIH Configuration: db-data-config.xml
2023-01-02 15:10:33.510 INFO  (qtp1350751778-23) [   x:management3] o.a.s.h.d.DataImporter Data Configuration loaded successfully
2023-01-02 15:10:33.511 INFO  (qtp1350751778-23) [   x:management3] o.a.s.c.S.Request [management3]  webapp=/solr path=/dataimport params={core=management3&indent=on&commit=true&name=dataimport&clean=false&wt=json&command=delta-import&_=1672672106922&verbose=false} status=0 QTime=3
2023-01-02 15:10:33.511 INFO  (Thread-37) [   ] o.a.s.h.d.DataImporter Starting Delta Import
2023-01-02 15:10:33.516 INFO  (Thread-37) [   ] o.a.s.h.d.SimplePropertiesWriter Read dataimport.properties
2023-01-02 15:10:33.518 INFO  (Thread-37) [   ] o.a.s.h.d.DocBuilder Starting delta collection.
2023-01-02 15:10:33.518 INFO  (Thread-37) [   ] o.a.s.h.d.DocBuilder Running ModifiedRowKey() for Entity: task
2023-01-02 15:10:33.518 INFO  (Thread-37) [   ] o.a.s.h.d.JdbcDataSource Creating a connection for entity task with URL: jdbc:mysql://172.25.197.100:3700/management
2023-01-02 15:10:33.528 INFO  (qtp1350751778-59) [   x:management3] o.a.s.c.S.Request [management3]  webapp=/solr path=/dataimport params={indent=on&wt=json&command=status&_=1672672106922} status=0 QTime=0
2023-01-02 15:10:33.561 INFO  (Thread-37) [   ] o.a.s.h.d.JdbcDataSource Time taken for getConnection(): 42
2023-01-02 15:10:33.567 INFO  (Thread-37) [   ] o.a.s.h.d.DocBuilder Completed ModifiedRowKey for Entity: task rows obtained: 1
2023-01-02 15:10:33.567 INFO  (Thread-37) [   ] o.a.s.h.d.DocBuilder Completed DeletedRowKey for Entity: task rows obtained : 0
2023-01-02 15:10:33.567 INFO  (Thread-37) [   ] o.a.s.h.d.DocBuilder Completed parentDeltaQuery for Entity: task
2023-01-02 15:10:33.574 INFO  (Thread-37) [   ] o.a.s.h.d.DocBuilder Delta Import completed successfully
2023-01-02 15:10:33.574 INFO  (Thread-37) [   ] o.a.s.h.d.DocBuilder Import completed successfully
2023-01-02 15:10:33.618 INFO  (searcherExecutor-15-thread-1) [   ] o.a.s.c.QuerySenderListener QuerySenderListener done.
2023-01-02 15:10:33.620 INFO  (searcherExecutor-15-thread-1) [   ] o.a.s.c.SolrCore [management3]  Registered new searcher autowarm time: 0 ms
2023-01-02 15:10:33.623 INFO  (Thread-37) [   ] o.a.s.h.d.SimplePropertiesWriter Read dataimport.properties
2023-01-02 15:10:33.624 INFO  (Thread-37) [   ] o.a.s.h.d.SimplePropertiesWriter Wrote last indexed time to dataimport.properties
2023-01-02 15:10:33.624 INFO  (Thread-37) [   ] o.a.s.h.d.DocBuilder Time taken = 0:0:0.108
2023-01-02 15:10:33.624 INFO  (Thread-37) [   ] o.a.s.u.p.LogUpdateProcessorFactory [management3]  webapp=/solr path=/dataimport params={core=management3&indent=on&commit=true&name=dataimport&clean=false&wt=json&command=delta-import&_=1672672106922&verbose=false} status=0 QTime=3{add=[5047 (1753923959989993472)],commit=} 0 116
2023-01-02 15:10:34.344 INFO  (qtp1350751778-23) [   x:management3] o.a.s.c.S.Request [management3]  webapp=/solr path=/dataimport params={indent=on&wt=json&command=status&_=1672672106922} status=0 QTime=0
2023-01-02 15:10:53.803 INFO  (qtp1350751778-59) [   x:management3] o.a.s.c.S.Request [management3]  webapp=/solr path=/select params={q=*:*&indent=true&q.op=OR&fq=id:5047&_=1672672118530} hits=1 status=0 QTime=1
2023-01-02 15:11:34.119 INFO  (qtp1350751778-17) [   x:management3] o.a.s.c.S.Request [management3]  webapp=/solr path=/dataimport params={indent=on&wt=json&command=status&_=1672672106922} status=0 QTime=0
2023-01-02 15:11:35.710 INFO  (qtp1350751778-59) [   x:management3] o.a.s.c.S.Request [management3]  webapp=/solr path=/dataimport params={indent=on&wt=json&command=status&_=1672672106922} status=0 QTime=0
2023-01-02 15:11:37.707 INFO  (qtp1350751778-17) [   x:management3] o.a.s.c.S.Request [management3]  webapp=/solr path=/dataimport params={indent=on&wt=json&command=status&_=1672672106922} status=0 QTime=0
2023-01-02 15:11:39.572 INFO  (qtp1350751778-59) [   x:management3] o.a.s.c.S.Request [management3]  webapp=/solr path=/dataimport params={indent=on&wt=json&command=status&_=1672672106922} status=0 QTime=0
2023-01-02 15:11:44.875 INFO  (qtp1350751778-17) [   x:management3] o.a.s.c.S.Request [management3]  webapp=/solr path=/dataimport params={indent=on&wt=json&command=status&_=1672672106922} status=0 QTime=0
2023-01-02 15:11:46.315 INFO  (qtp1350751778-59) [   x:management3] o.a.s.c.S.Request [management3]  webapp=/solr path=/dataimport params={indent=on&wt=json&command=status&_=1672672106922} status=0 QTime=0
2023-01-02 15:11:46.447 INFO  (qtp1350751778-17) [   x:management3] o.a.s.c.S.Request [management3]  webapp=/solr path=/dataimport params={indent=on&wt=json&command=status&_=1672672106922} status=0 QTime=0
2023-01-02 15:11:46.593 INFO  (qtp1350751778-59) [   x:management3] o.a.s.c.S.Request [management3]  webapp=/solr path=/dataimport params={indent=on&wt=json&command=status&_=1672672106922} status=0 QTime=0
2023-01-02 15:11:49.908 INFO  (qtp1350751778-17) [   x:management3] o.a.s.c.S.Request [management3]  webapp=/solr path=/dataimport params={indent=on&wt=json&command=status&_=1672672106922} status=0 QTime=0
2023-01-02 15:11:50.072 INFO  (qtp1350751778-59) [   x:management3] o.a.s.c.S.Request [management3]  webapp=/solr path=/dataimport params={indent=on&wt=json&command=status&_=1672672106922} status=0 QTime=0
2023-01-02 15:15:08.120 INFO  (JettyShutdownThread) [   ] o.e.j.s.AbstractConnector Stopped ServerConnector@781f10f2{HTTP/1.1, (http/1.1, h2c)}{0.0.0.0:8983}
2023-01-02 15:15:08.120 INFO  (JettyShutdownThread) [   ] o.e.j.s.session node0 Stopped scavenging
2023-01-02 15:15:08.122 INFO  (JettyShutdownThread) [   ] o.a.s.c.CoreContainer Shutting down CoreContainer instance=1635358020
2023-01-02 15:15:08.126 INFO  (coreCloseExecutor-21-thread-1) [   ] o.a.s.c.SolrCore [management3]  CLOSING SolrCore org.apache.solr.core.SolrCore@1ecd6e7
2023-01-02 15:15:08.126 INFO  (coreCloseExecutor-21-thread-1) [   ] o.a.s.m.SolrMetricManager Closing metric reporters for registry=solr.core.management3 tag=SolrCore@1ecd6e7
2023-01-02 15:15:08.127 INFO  (coreCloseExecutor-21-thread-1) [   ] o.a.s.m.r.SolrJmxReporter Closing reporter [org.apache.solr.metrics.reporters.SolrJmxReporter@537ed97: rootName = null, domain = solr.core.management3, service url = null, agent id = null] for registry solr.core.management3/com.codahale.metrics.MetricRegistry@351b9cd9
2023-01-02 15:15:08.138 INFO  (coreCloseExecutor-21-thread-1) [   ] o.a.s.u.DirectUpdateHandler2 Committing on IndexWriter.close()  ... SKIPPED (unnecessary).
2023-01-02 15:15:08.155 INFO  (JettyShutdownThread) [   ] o.a.s.m.SolrMetricManager Closing metric reporters for registry=solr.node tag=null
2023-01-02 15:15:08.155 INFO  (JettyShutdownThread) [   ] o.a.s.m.r.SolrJmxReporter Closing reporter [org.apache.solr.metrics.reporters.SolrJmxReporter@44065156: rootName = null, domain = solr.node, service url = null, agent id = null] for registry solr.node/com.codahale.metrics.MetricRegistry@71a63907
2023-01-02 15:15:08.157 INFO  (JettyShutdownThread) [   ] o.a.s.m.SolrMetricManager Closing metric reporters for registry=solr.jvm tag=null
2023-01-02 15:15:08.157 INFO  (JettyShutdownThread) [   ] o.a.s.m.r.SolrJmxReporter Closing reporter [org.apache.solr.metrics.reporters.SolrJmxReporter@24a86066: rootName = null, domain = solr.jvm, service url = null, agent id = null] for registry solr.jvm/com.codahale.metrics.MetricRegistry@3d780b64
2023-01-02 15:15:08.158 INFO  (JettyShutdownThread) [   ] o.a.s.m.SolrMetricManager Closing metric reporters for registry=solr.jetty tag=null
2023-01-02 15:15:08.158 INFO  (JettyShutdownThread) [   ] o.a.s.m.r.SolrJmxReporter Closing reporter [org.apache.solr.metrics.reporters.SolrJmxReporter@54402c04: rootName = null, domain = solr.jetty, service url = null, agent id = null] for registry solr.jetty/com.codahale.metrics.MetricRegistry@7a1463fb
2023-01-02 15:15:08.175 INFO  (JettyShutdownThread) [   ] o.e.j.s.h.ContextHandler Stopped o.e.j.w.WebAppContext@19fe4644{/solr,null,STOPPED}{/opt/solr-8.11.2/server/solr-webapp/webapp}
